[2025-04-08T08:02:12.906+0000] {processor.py:186} INFO - Started process (PID=65) to work on /opt/airflow/dags/task.py
[2025-04-08T08:02:12.906+0000] {processor.py:914} INFO - Processing file /opt/airflow/dags/task.py for tasks to queue
[2025-04-08T08:02:12.909+0000] {logging_mixin.py:190} INFO - [2025-04-08T08:02:12.908+0000] {dagbag.py:588} INFO - Filling up the DagBag from /opt/airflow/dags/task.py
[2025-04-08T08:02:12.933+0000] {processor.py:925} INFO - DAG(s) 'my_dag' retrieved from /opt/airflow/dags/task.py
[2025-04-08T08:02:13.151+0000] {logging_mixin.py:190} INFO - [2025-04-08T08:02:13.150+0000] {override.py:1912} INFO - Created Permission View: can edit on DAG:my_dag
[2025-04-08T08:02:13.162+0000] {logging_mixin.py:190} INFO - [2025-04-08T08:02:13.161+0000] {override.py:1912} INFO - Created Permission View: can delete on DAG:my_dag
[2025-04-08T08:02:13.168+0000] {logging_mixin.py:190} INFO - [2025-04-08T08:02:13.167+0000] {override.py:1912} INFO - Created Permission View: can read on DAG:my_dag
[2025-04-08T08:02:13.175+0000] {logging_mixin.py:190} INFO - [2025-04-08T08:02:13.175+0000] {override.py:1912} INFO - Created Permission View: can delete on DAG Run:my_dag
[2025-04-08T08:02:13.181+0000] {logging_mixin.py:190} INFO - [2025-04-08T08:02:13.181+0000] {override.py:1912} INFO - Created Permission View: can read on DAG Run:my_dag
[2025-04-08T08:02:13.187+0000] {logging_mixin.py:190} INFO - [2025-04-08T08:02:13.187+0000] {override.py:1912} INFO - Created Permission View: can create on DAG Run:my_dag
[2025-04-08T08:02:13.193+0000] {logging_mixin.py:190} INFO - [2025-04-08T08:02:13.193+0000] {override.py:1912} INFO - Created Permission View: menu access on DAG Run:my_dag
[2025-04-08T08:02:13.194+0000] {logging_mixin.py:190} INFO - [2025-04-08T08:02:13.194+0000] {dag.py:3239} INFO - Sync 1 DAGs
[2025-04-08T08:02:13.208+0000] {logging_mixin.py:190} INFO - [2025-04-08T08:02:13.207+0000] {dag.py:3262} INFO - Creating ORM DAG for my_dag
[2025-04-08T08:02:13.218+0000] {logging_mixin.py:190} INFO - [2025-04-08T08:02:13.218+0000] {dag.py:4180} INFO - Setting next_dagrun for my_dag to 2023-06-06 16:53:00+00:00, run_after=2023-06-06 16:54:00+00:00
[2025-04-08T08:02:13.236+0000] {processor.py:208} INFO - Processing /opt/airflow/dags/task.py took 0.337 seconds
[2025-04-08T08:02:43.479+0000] {processor.py:186} INFO - Started process (PID=72) to work on /opt/airflow/dags/task.py
[2025-04-08T08:02:43.480+0000] {processor.py:914} INFO - Processing file /opt/airflow/dags/task.py for tasks to queue
[2025-04-08T08:02:43.484+0000] {logging_mixin.py:190} INFO - [2025-04-08T08:02:43.483+0000] {dagbag.py:588} INFO - Filling up the DagBag from /opt/airflow/dags/task.py
[2025-04-08T08:02:43.506+0000] {processor.py:925} INFO - DAG(s) 'my_dag' retrieved from /opt/airflow/dags/task.py
[2025-04-08T08:02:43.531+0000] {logging_mixin.py:190} INFO - [2025-04-08T08:02:43.531+0000] {dag.py:3239} INFO - Sync 1 DAGs
[2025-04-08T08:02:43.550+0000] {logging_mixin.py:190} INFO - [2025-04-08T08:02:43.550+0000] {dag.py:4180} INFO - Setting next_dagrun for my_dag to 2023-06-06 16:53:00+00:00, run_after=2023-06-06 16:54:00+00:00
[2025-04-08T08:02:43.567+0000] {processor.py:208} INFO - Processing /opt/airflow/dags/task.py took 0.094 seconds
[2025-04-08T08:03:13.746+0000] {processor.py:186} INFO - Started process (PID=79) to work on /opt/airflow/dags/task.py
[2025-04-08T08:03:13.747+0000] {processor.py:914} INFO - Processing file /opt/airflow/dags/task.py for tasks to queue
[2025-04-08T08:03:13.749+0000] {logging_mixin.py:190} INFO - [2025-04-08T08:03:13.749+0000] {dagbag.py:588} INFO - Filling up the DagBag from /opt/airflow/dags/task.py
[2025-04-08T08:03:13.771+0000] {processor.py:925} INFO - DAG(s) 'my_dag' retrieved from /opt/airflow/dags/task.py
[2025-04-08T08:03:13.792+0000] {logging_mixin.py:190} INFO - [2025-04-08T08:03:13.792+0000] {dag.py:3239} INFO - Sync 1 DAGs
[2025-04-08T08:03:13.813+0000] {logging_mixin.py:190} INFO - [2025-04-08T08:03:13.813+0000] {dag.py:4180} INFO - Setting next_dagrun for my_dag to 2023-06-06 16:53:00+00:00, run_after=2023-06-06 16:54:00+00:00
[2025-04-08T08:03:13.830+0000] {processor.py:208} INFO - Processing /opt/airflow/dags/task.py took 0.088 seconds
[2025-04-08T08:03:44.050+0000] {processor.py:186} INFO - Started process (PID=86) to work on /opt/airflow/dags/task.py
[2025-04-08T08:03:44.051+0000] {processor.py:914} INFO - Processing file /opt/airflow/dags/task.py for tasks to queue
[2025-04-08T08:03:44.053+0000] {logging_mixin.py:190} INFO - [2025-04-08T08:03:44.053+0000] {dagbag.py:588} INFO - Filling up the DagBag from /opt/airflow/dags/task.py
[2025-04-08T08:03:44.073+0000] {processor.py:925} INFO - DAG(s) 'my_dag' retrieved from /opt/airflow/dags/task.py
[2025-04-08T08:03:44.093+0000] {logging_mixin.py:190} INFO - [2025-04-08T08:03:44.092+0000] {dag.py:3239} INFO - Sync 1 DAGs
[2025-04-08T08:03:44.111+0000] {logging_mixin.py:190} INFO - [2025-04-08T08:03:44.111+0000] {dag.py:4180} INFO - Setting next_dagrun for my_dag to 2023-06-06 16:53:00+00:00, run_after=2023-06-06 16:54:00+00:00
[2025-04-08T08:03:44.131+0000] {processor.py:208} INFO - Processing /opt/airflow/dags/task.py took 0.085 seconds
[2025-04-08T08:04:14.312+0000] {processor.py:186} INFO - Started process (PID=93) to work on /opt/airflow/dags/task.py
[2025-04-08T08:04:14.312+0000] {processor.py:914} INFO - Processing file /opt/airflow/dags/task.py for tasks to queue
[2025-04-08T08:04:14.314+0000] {logging_mixin.py:190} INFO - [2025-04-08T08:04:14.314+0000] {dagbag.py:588} INFO - Filling up the DagBag from /opt/airflow/dags/task.py
[2025-04-08T08:04:14.331+0000] {processor.py:925} INFO - DAG(s) 'my_dag' retrieved from /opt/airflow/dags/task.py
[2025-04-08T08:04:14.354+0000] {logging_mixin.py:190} INFO - [2025-04-08T08:04:14.354+0000] {dag.py:3239} INFO - Sync 1 DAGs
[2025-04-08T08:04:14.374+0000] {logging_mixin.py:190} INFO - [2025-04-08T08:04:14.374+0000] {dag.py:4180} INFO - Setting next_dagrun for my_dag to 2023-06-06 16:53:00+00:00, run_after=2023-06-06 16:54:00+00:00
[2025-04-08T08:04:14.394+0000] {processor.py:208} INFO - Processing /opt/airflow/dags/task.py took 0.087 seconds
[2025-04-08T08:04:44.599+0000] {processor.py:186} INFO - Started process (PID=100) to work on /opt/airflow/dags/task.py
[2025-04-08T08:04:44.600+0000] {processor.py:914} INFO - Processing file /opt/airflow/dags/task.py for tasks to queue
[2025-04-08T08:04:44.603+0000] {logging_mixin.py:190} INFO - [2025-04-08T08:04:44.603+0000] {dagbag.py:588} INFO - Filling up the DagBag from /opt/airflow/dags/task.py
[2025-04-08T08:04:44.622+0000] {processor.py:925} INFO - DAG(s) 'my_dag' retrieved from /opt/airflow/dags/task.py
[2025-04-08T08:04:44.643+0000] {logging_mixin.py:190} INFO - [2025-04-08T08:04:44.643+0000] {dag.py:3239} INFO - Sync 1 DAGs
[2025-04-08T08:04:44.666+0000] {logging_mixin.py:190} INFO - [2025-04-08T08:04:44.666+0000] {dag.py:4180} INFO - Setting next_dagrun for my_dag to 2023-06-06 16:53:00+00:00, run_after=2023-06-06 16:54:00+00:00
[2025-04-08T08:04:44.682+0000] {processor.py:208} INFO - Processing /opt/airflow/dags/task.py took 0.087 seconds
[2025-04-08T08:05:14.840+0000] {processor.py:186} INFO - Started process (PID=107) to work on /opt/airflow/dags/task.py
[2025-04-08T08:05:14.841+0000] {processor.py:914} INFO - Processing file /opt/airflow/dags/task.py for tasks to queue
[2025-04-08T08:05:14.843+0000] {logging_mixin.py:190} INFO - [2025-04-08T08:05:14.843+0000] {dagbag.py:588} INFO - Filling up the DagBag from /opt/airflow/dags/task.py
[2025-04-08T08:05:14.858+0000] {processor.py:925} INFO - DAG(s) 'my_dag' retrieved from /opt/airflow/dags/task.py
[2025-04-08T08:05:14.877+0000] {logging_mixin.py:190} INFO - [2025-04-08T08:05:14.877+0000] {dag.py:3239} INFO - Sync 1 DAGs
[2025-04-08T08:05:14.894+0000] {logging_mixin.py:190} INFO - [2025-04-08T08:05:14.894+0000] {dag.py:4180} INFO - Setting next_dagrun for my_dag to 2023-06-06 16:53:00+00:00, run_after=2023-06-06 16:54:00+00:00
[2025-04-08T08:05:14.910+0000] {processor.py:208} INFO - Processing /opt/airflow/dags/task.py took 0.074 seconds
[2025-04-08T08:05:45.149+0000] {processor.py:186} INFO - Started process (PID=114) to work on /opt/airflow/dags/task.py
[2025-04-08T08:05:45.150+0000] {processor.py:914} INFO - Processing file /opt/airflow/dags/task.py for tasks to queue
[2025-04-08T08:05:45.152+0000] {logging_mixin.py:190} INFO - [2025-04-08T08:05:45.151+0000] {dagbag.py:588} INFO - Filling up the DagBag from /opt/airflow/dags/task.py
[2025-04-08T08:05:45.168+0000] {processor.py:925} INFO - DAG(s) 'my_dag' retrieved from /opt/airflow/dags/task.py
[2025-04-08T08:05:45.186+0000] {logging_mixin.py:190} INFO - [2025-04-08T08:05:45.186+0000] {dag.py:3239} INFO - Sync 1 DAGs
[2025-04-08T08:05:45.203+0000] {logging_mixin.py:190} INFO - [2025-04-08T08:05:45.203+0000] {dag.py:4180} INFO - Setting next_dagrun for my_dag to 2023-06-06 16:53:00+00:00, run_after=2023-06-06 16:54:00+00:00
[2025-04-08T08:05:45.220+0000] {processor.py:208} INFO - Processing /opt/airflow/dags/task.py took 0.075 seconds
[2025-04-08T08:06:15.354+0000] {processor.py:186} INFO - Started process (PID=121) to work on /opt/airflow/dags/task.py
[2025-04-08T08:06:15.355+0000] {processor.py:914} INFO - Processing file /opt/airflow/dags/task.py for tasks to queue
[2025-04-08T08:06:15.357+0000] {logging_mixin.py:190} INFO - [2025-04-08T08:06:15.356+0000] {dagbag.py:588} INFO - Filling up the DagBag from /opt/airflow/dags/task.py
[2025-04-08T08:06:15.376+0000] {processor.py:925} INFO - DAG(s) 'my_dag' retrieved from /opt/airflow/dags/task.py
[2025-04-08T08:06:15.397+0000] {logging_mixin.py:190} INFO - [2025-04-08T08:06:15.397+0000] {dag.py:3239} INFO - Sync 1 DAGs
[2025-04-08T08:06:15.416+0000] {logging_mixin.py:190} INFO - [2025-04-08T08:06:15.416+0000] {dag.py:4180} INFO - Setting next_dagrun for my_dag to 2023-06-06 16:53:00+00:00, run_after=2023-06-06 16:54:00+00:00
[2025-04-08T08:06:15.437+0000] {processor.py:208} INFO - Processing /opt/airflow/dags/task.py took 0.089 seconds
[2025-04-08T08:06:45.618+0000] {processor.py:186} INFO - Started process (PID=128) to work on /opt/airflow/dags/task.py
[2025-04-08T08:06:45.619+0000] {processor.py:914} INFO - Processing file /opt/airflow/dags/task.py for tasks to queue
[2025-04-08T08:06:45.621+0000] {logging_mixin.py:190} INFO - [2025-04-08T08:06:45.621+0000] {dagbag.py:588} INFO - Filling up the DagBag from /opt/airflow/dags/task.py
[2025-04-08T08:06:45.641+0000] {processor.py:925} INFO - DAG(s) 'my_dag' retrieved from /opt/airflow/dags/task.py
[2025-04-08T08:06:45.663+0000] {logging_mixin.py:190} INFO - [2025-04-08T08:06:45.663+0000] {dag.py:3239} INFO - Sync 1 DAGs
[2025-04-08T08:06:45.685+0000] {logging_mixin.py:190} INFO - [2025-04-08T08:06:45.684+0000] {dag.py:4180} INFO - Setting next_dagrun for my_dag to 2023-06-06 16:53:00+00:00, run_after=2023-06-06 16:54:00+00:00
[2025-04-08T08:06:45.700+0000] {processor.py:208} INFO - Processing /opt/airflow/dags/task.py took 0.087 seconds
[2025-04-08T08:07:15.887+0000] {processor.py:186} INFO - Started process (PID=135) to work on /opt/airflow/dags/task.py
[2025-04-08T08:07:15.888+0000] {processor.py:914} INFO - Processing file /opt/airflow/dags/task.py for tasks to queue
[2025-04-08T08:07:15.890+0000] {logging_mixin.py:190} INFO - [2025-04-08T08:07:15.890+0000] {dagbag.py:588} INFO - Filling up the DagBag from /opt/airflow/dags/task.py
[2025-04-08T08:07:15.903+0000] {processor.py:925} INFO - DAG(s) 'my_dag' retrieved from /opt/airflow/dags/task.py
[2025-04-08T08:07:15.921+0000] {logging_mixin.py:190} INFO - [2025-04-08T08:07:15.921+0000] {dag.py:3239} INFO - Sync 1 DAGs
[2025-04-08T08:07:15.938+0000] {logging_mixin.py:190} INFO - [2025-04-08T08:07:15.938+0000] {dag.py:4180} INFO - Setting next_dagrun for my_dag to 2023-06-06 16:53:00+00:00, run_after=2023-06-06 16:54:00+00:00
[2025-04-08T08:07:15.955+0000] {processor.py:208} INFO - Processing /opt/airflow/dags/task.py took 0.072 seconds
[2025-04-08T08:07:46.140+0000] {processor.py:186} INFO - Started process (PID=142) to work on /opt/airflow/dags/task.py
[2025-04-08T08:07:46.141+0000] {processor.py:914} INFO - Processing file /opt/airflow/dags/task.py for tasks to queue
[2025-04-08T08:07:46.143+0000] {logging_mixin.py:190} INFO - [2025-04-08T08:07:46.143+0000] {dagbag.py:588} INFO - Filling up the DagBag from /opt/airflow/dags/task.py
[2025-04-08T08:07:46.162+0000] {processor.py:925} INFO - DAG(s) 'my_dag' retrieved from /opt/airflow/dags/task.py
[2025-04-08T08:07:46.181+0000] {logging_mixin.py:190} INFO - [2025-04-08T08:07:46.181+0000] {dag.py:3239} INFO - Sync 1 DAGs
[2025-04-08T08:07:46.199+0000] {logging_mixin.py:190} INFO - [2025-04-08T08:07:46.199+0000] {dag.py:4180} INFO - Setting next_dagrun for my_dag to 2023-06-06 16:53:00+00:00, run_after=2023-06-06 16:54:00+00:00
[2025-04-08T08:07:46.217+0000] {processor.py:208} INFO - Processing /opt/airflow/dags/task.py took 0.081 seconds
[2025-04-08T08:08:16.391+0000] {processor.py:186} INFO - Started process (PID=149) to work on /opt/airflow/dags/task.py
[2025-04-08T08:08:16.392+0000] {processor.py:914} INFO - Processing file /opt/airflow/dags/task.py for tasks to queue
[2025-04-08T08:08:16.394+0000] {logging_mixin.py:190} INFO - [2025-04-08T08:08:16.393+0000] {dagbag.py:588} INFO - Filling up the DagBag from /opt/airflow/dags/task.py
[2025-04-08T08:08:16.414+0000] {processor.py:925} INFO - DAG(s) 'my_dag' retrieved from /opt/airflow/dags/task.py
[2025-04-08T08:08:16.433+0000] {logging_mixin.py:190} INFO - [2025-04-08T08:08:16.432+0000] {dag.py:3239} INFO - Sync 1 DAGs
[2025-04-08T08:08:16.450+0000] {logging_mixin.py:190} INFO - [2025-04-08T08:08:16.450+0000] {dag.py:4180} INFO - Setting next_dagrun for my_dag to 2023-06-06 16:53:00+00:00, run_after=2023-06-06 16:54:00+00:00
[2025-04-08T08:08:16.467+0000] {processor.py:208} INFO - Processing /opt/airflow/dags/task.py took 0.081 seconds
[2025-04-08T08:08:46.671+0000] {processor.py:186} INFO - Started process (PID=156) to work on /opt/airflow/dags/task.py
[2025-04-08T08:08:46.672+0000] {processor.py:914} INFO - Processing file /opt/airflow/dags/task.py for tasks to queue
[2025-04-08T08:08:46.673+0000] {logging_mixin.py:190} INFO - [2025-04-08T08:08:46.673+0000] {dagbag.py:588} INFO - Filling up the DagBag from /opt/airflow/dags/task.py
[2025-04-08T08:08:46.686+0000] {processor.py:925} INFO - DAG(s) 'my_dag' retrieved from /opt/airflow/dags/task.py
[2025-04-08T08:08:46.703+0000] {logging_mixin.py:190} INFO - [2025-04-08T08:08:46.703+0000] {dag.py:3239} INFO - Sync 1 DAGs
[2025-04-08T08:08:46.720+0000] {logging_mixin.py:190} INFO - [2025-04-08T08:08:46.720+0000] {dag.py:4180} INFO - Setting next_dagrun for my_dag to 2023-06-06 16:53:00+00:00, run_after=2023-06-06 16:54:00+00:00
[2025-04-08T08:08:46.741+0000] {processor.py:208} INFO - Processing /opt/airflow/dags/task.py took 0.074 seconds
[2025-04-08T08:09:16.914+0000] {processor.py:186} INFO - Started process (PID=163) to work on /opt/airflow/dags/task.py
[2025-04-08T08:09:16.915+0000] {processor.py:914} INFO - Processing file /opt/airflow/dags/task.py for tasks to queue
[2025-04-08T08:09:16.917+0000] {logging_mixin.py:190} INFO - [2025-04-08T08:09:16.917+0000] {dagbag.py:588} INFO - Filling up the DagBag from /opt/airflow/dags/task.py
[2025-04-08T08:09:16.930+0000] {processor.py:925} INFO - DAG(s) 'my_dag' retrieved from /opt/airflow/dags/task.py
[2025-04-08T08:09:16.947+0000] {logging_mixin.py:190} INFO - [2025-04-08T08:09:16.947+0000] {dag.py:3239} INFO - Sync 1 DAGs
[2025-04-08T08:09:16.965+0000] {logging_mixin.py:190} INFO - [2025-04-08T08:09:16.965+0000] {dag.py:4180} INFO - Setting next_dagrun for my_dag to 2023-06-06 16:53:00+00:00, run_after=2023-06-06 16:54:00+00:00
[2025-04-08T08:09:16.991+0000] {processor.py:208} INFO - Processing /opt/airflow/dags/task.py took 0.080 seconds
[2025-04-08T08:09:47.180+0000] {processor.py:186} INFO - Started process (PID=171) to work on /opt/airflow/dags/task.py
[2025-04-08T08:09:47.181+0000] {processor.py:914} INFO - Processing file /opt/airflow/dags/task.py for tasks to queue
[2025-04-08T08:09:47.184+0000] {logging_mixin.py:190} INFO - [2025-04-08T08:09:47.184+0000] {dagbag.py:588} INFO - Filling up the DagBag from /opt/airflow/dags/task.py
[2025-04-08T08:09:47.201+0000] {processor.py:925} INFO - DAG(s) 'my_dag' retrieved from /opt/airflow/dags/task.py
[2025-04-08T08:09:47.222+0000] {logging_mixin.py:190} INFO - [2025-04-08T08:09:47.221+0000] {dag.py:3239} INFO - Sync 1 DAGs
[2025-04-08T08:09:47.246+0000] {logging_mixin.py:190} INFO - [2025-04-08T08:09:47.246+0000] {dag.py:4180} INFO - Setting next_dagrun for my_dag to 2023-06-06 16:53:00+00:00, run_after=2023-06-06 16:54:00+00:00
[2025-04-08T08:09:47.262+0000] {processor.py:208} INFO - Processing /opt/airflow/dags/task.py took 0.087 seconds
[2025-04-08T08:10:17.412+0000] {processor.py:186} INFO - Started process (PID=178) to work on /opt/airflow/dags/task.py
[2025-04-08T08:10:17.413+0000] {processor.py:914} INFO - Processing file /opt/airflow/dags/task.py for tasks to queue
[2025-04-08T08:10:17.416+0000] {logging_mixin.py:190} INFO - [2025-04-08T08:10:17.416+0000] {dagbag.py:588} INFO - Filling up the DagBag from /opt/airflow/dags/task.py
[2025-04-08T08:10:17.436+0000] {processor.py:925} INFO - DAG(s) 'my_dag' retrieved from /opt/airflow/dags/task.py
[2025-04-08T08:10:17.462+0000] {logging_mixin.py:190} INFO - [2025-04-08T08:10:17.462+0000] {dag.py:3239} INFO - Sync 1 DAGs
[2025-04-08T08:10:17.484+0000] {logging_mixin.py:190} INFO - [2025-04-08T08:10:17.483+0000] {dag.py:4180} INFO - Setting next_dagrun for my_dag to 2023-06-06 16:53:00+00:00, run_after=2023-06-06 16:54:00+00:00
[2025-04-08T08:10:17.501+0000] {processor.py:208} INFO - Processing /opt/airflow/dags/task.py took 0.095 seconds
[2025-04-08T08:10:47.726+0000] {processor.py:186} INFO - Started process (PID=185) to work on /opt/airflow/dags/task.py
[2025-04-08T08:10:47.727+0000] {processor.py:914} INFO - Processing file /opt/airflow/dags/task.py for tasks to queue
[2025-04-08T08:10:47.731+0000] {logging_mixin.py:190} INFO - [2025-04-08T08:10:47.730+0000] {dagbag.py:588} INFO - Filling up the DagBag from /opt/airflow/dags/task.py
[2025-04-08T08:10:47.751+0000] {processor.py:925} INFO - DAG(s) 'my_dag' retrieved from /opt/airflow/dags/task.py
[2025-04-08T08:10:47.777+0000] {logging_mixin.py:190} INFO - [2025-04-08T08:10:47.777+0000] {dag.py:3239} INFO - Sync 1 DAGs
[2025-04-08T08:10:47.804+0000] {logging_mixin.py:190} INFO - [2025-04-08T08:10:47.804+0000] {dag.py:4180} INFO - Setting next_dagrun for my_dag to 2023-06-06 16:53:00+00:00, run_after=2023-06-06 16:54:00+00:00
[2025-04-08T08:10:47.825+0000] {processor.py:208} INFO - Processing /opt/airflow/dags/task.py took 0.105 seconds
[2025-04-08T08:11:17.965+0000] {processor.py:186} INFO - Started process (PID=192) to work on /opt/airflow/dags/task.py
[2025-04-08T08:11:17.966+0000] {processor.py:914} INFO - Processing file /opt/airflow/dags/task.py for tasks to queue
[2025-04-08T08:11:17.969+0000] {logging_mixin.py:190} INFO - [2025-04-08T08:11:17.969+0000] {dagbag.py:588} INFO - Filling up the DagBag from /opt/airflow/dags/task.py
[2025-04-08T08:11:17.991+0000] {processor.py:925} INFO - DAG(s) 'my_dag' retrieved from /opt/airflow/dags/task.py
[2025-04-08T08:11:18.025+0000] {logging_mixin.py:190} INFO - [2025-04-08T08:11:18.025+0000] {dag.py:3239} INFO - Sync 1 DAGs
[2025-04-08T08:11:18.050+0000] {logging_mixin.py:190} INFO - [2025-04-08T08:11:18.050+0000] {dag.py:4180} INFO - Setting next_dagrun for my_dag to 2023-06-06 16:53:00+00:00, run_after=2023-06-06 16:54:00+00:00
[2025-04-08T08:11:18.082+0000] {processor.py:208} INFO - Processing /opt/airflow/dags/task.py took 0.123 seconds
[2025-04-08T08:11:48.253+0000] {processor.py:186} INFO - Started process (PID=205) to work on /opt/airflow/dags/task.py
[2025-04-08T08:11:48.254+0000] {processor.py:914} INFO - Processing file /opt/airflow/dags/task.py for tasks to queue
[2025-04-08T08:11:48.257+0000] {logging_mixin.py:190} INFO - [2025-04-08T08:11:48.257+0000] {dagbag.py:588} INFO - Filling up the DagBag from /opt/airflow/dags/task.py
[2025-04-08T08:11:48.279+0000] {processor.py:925} INFO - DAG(s) 'my_dag' retrieved from /opt/airflow/dags/task.py
[2025-04-08T08:11:48.300+0000] {logging_mixin.py:190} INFO - [2025-04-08T08:11:48.300+0000] {dag.py:3239} INFO - Sync 1 DAGs
[2025-04-08T08:11:48.319+0000] {logging_mixin.py:190} INFO - [2025-04-08T08:11:48.319+0000] {dag.py:4180} INFO - Setting next_dagrun for my_dag to 2023-06-06 16:53:00+00:00, run_after=2023-06-06 16:54:00+00:00
[2025-04-08T08:11:48.336+0000] {processor.py:208} INFO - Processing /opt/airflow/dags/task.py took 0.089 seconds
[2025-04-08T08:12:18.509+0000] {processor.py:186} INFO - Started process (PID=212) to work on /opt/airflow/dags/task.py
[2025-04-08T08:12:18.510+0000] {processor.py:914} INFO - Processing file /opt/airflow/dags/task.py for tasks to queue
[2025-04-08T08:12:18.513+0000] {logging_mixin.py:190} INFO - [2025-04-08T08:12:18.513+0000] {dagbag.py:588} INFO - Filling up the DagBag from /opt/airflow/dags/task.py
[2025-04-08T08:12:18.533+0000] {processor.py:925} INFO - DAG(s) 'my_dag' retrieved from /opt/airflow/dags/task.py
[2025-04-08T08:12:18.560+0000] {logging_mixin.py:190} INFO - [2025-04-08T08:12:18.560+0000] {dag.py:3239} INFO - Sync 1 DAGs
[2025-04-08T08:12:18.587+0000] {logging_mixin.py:190} INFO - [2025-04-08T08:12:18.587+0000] {dag.py:4180} INFO - Setting next_dagrun for my_dag to 2023-06-06 16:53:00+00:00, run_after=2023-06-06 16:54:00+00:00
[2025-04-08T08:12:18.605+0000] {processor.py:208} INFO - Processing /opt/airflow/dags/task.py took 0.102 seconds
[2025-04-08T08:12:48.769+0000] {processor.py:186} INFO - Started process (PID=219) to work on /opt/airflow/dags/task.py
[2025-04-08T08:12:48.770+0000] {processor.py:914} INFO - Processing file /opt/airflow/dags/task.py for tasks to queue
[2025-04-08T08:12:48.773+0000] {logging_mixin.py:190} INFO - [2025-04-08T08:12:48.772+0000] {dagbag.py:588} INFO - Filling up the DagBag from /opt/airflow/dags/task.py
[2025-04-08T08:12:48.788+0000] {processor.py:925} INFO - DAG(s) 'my_dag' retrieved from /opt/airflow/dags/task.py
[2025-04-08T08:12:48.806+0000] {logging_mixin.py:190} INFO - [2025-04-08T08:12:48.806+0000] {dag.py:3239} INFO - Sync 1 DAGs
[2025-04-08T08:12:48.823+0000] {logging_mixin.py:190} INFO - [2025-04-08T08:12:48.823+0000] {dag.py:4180} INFO - Setting next_dagrun for my_dag to 2023-06-06 16:53:00+00:00, run_after=2023-06-06 16:54:00+00:00
[2025-04-08T08:12:48.842+0000] {processor.py:208} INFO - Processing /opt/airflow/dags/task.py took 0.078 seconds
[2025-04-08T08:13:19.016+0000] {processor.py:186} INFO - Started process (PID=226) to work on /opt/airflow/dags/task.py
[2025-04-08T08:13:19.017+0000] {processor.py:914} INFO - Processing file /opt/airflow/dags/task.py for tasks to queue
[2025-04-08T08:13:19.020+0000] {logging_mixin.py:190} INFO - [2025-04-08T08:13:19.019+0000] {dagbag.py:588} INFO - Filling up the DagBag from /opt/airflow/dags/task.py
[2025-04-08T08:13:19.040+0000] {processor.py:925} INFO - DAG(s) 'my_dag' retrieved from /opt/airflow/dags/task.py
[2025-04-08T08:13:19.063+0000] {logging_mixin.py:190} INFO - [2025-04-08T08:13:19.062+0000] {dag.py:3239} INFO - Sync 1 DAGs
[2025-04-08T08:13:19.083+0000] {logging_mixin.py:190} INFO - [2025-04-08T08:13:19.083+0000] {dag.py:4180} INFO - Setting next_dagrun for my_dag to 2023-06-06 16:53:00+00:00, run_after=2023-06-06 16:54:00+00:00
[2025-04-08T08:13:19.103+0000] {processor.py:208} INFO - Processing /opt/airflow/dags/task.py took 0.092 seconds
[2025-04-08T08:13:49.271+0000] {processor.py:186} INFO - Started process (PID=233) to work on /opt/airflow/dags/task.py
[2025-04-08T08:13:49.272+0000] {processor.py:914} INFO - Processing file /opt/airflow/dags/task.py for tasks to queue
[2025-04-08T08:13:49.274+0000] {logging_mixin.py:190} INFO - [2025-04-08T08:13:49.274+0000] {dagbag.py:588} INFO - Filling up the DagBag from /opt/airflow/dags/task.py
[2025-04-08T08:13:49.290+0000] {processor.py:925} INFO - DAG(s) 'my_dag' retrieved from /opt/airflow/dags/task.py
[2025-04-08T08:13:49.311+0000] {logging_mixin.py:190} INFO - [2025-04-08T08:13:49.311+0000] {dag.py:3239} INFO - Sync 1 DAGs
[2025-04-08T08:13:49.332+0000] {logging_mixin.py:190} INFO - [2025-04-08T08:13:49.332+0000] {dag.py:4180} INFO - Setting next_dagrun for my_dag to 2023-06-06 16:53:00+00:00, run_after=2023-06-06 16:54:00+00:00
[2025-04-08T08:13:49.348+0000] {processor.py:208} INFO - Processing /opt/airflow/dags/task.py took 0.082 seconds
[2025-04-08T08:14:19.499+0000] {processor.py:186} INFO - Started process (PID=240) to work on /opt/airflow/dags/task.py
[2025-04-08T08:14:19.500+0000] {processor.py:914} INFO - Processing file /opt/airflow/dags/task.py for tasks to queue
[2025-04-08T08:14:19.503+0000] {logging_mixin.py:190} INFO - [2025-04-08T08:14:19.502+0000] {dagbag.py:588} INFO - Filling up the DagBag from /opt/airflow/dags/task.py
[2025-04-08T08:14:19.522+0000] {processor.py:925} INFO - DAG(s) 'my_dag' retrieved from /opt/airflow/dags/task.py
[2025-04-08T08:14:19.547+0000] {logging_mixin.py:190} INFO - [2025-04-08T08:14:19.547+0000] {dag.py:3239} INFO - Sync 1 DAGs
[2025-04-08T08:14:19.568+0000] {logging_mixin.py:190} INFO - [2025-04-08T08:14:19.568+0000] {dag.py:4180} INFO - Setting next_dagrun for my_dag to 2023-06-06 16:53:00+00:00, run_after=2023-06-06 16:54:00+00:00
[2025-04-08T08:14:19.586+0000] {processor.py:208} INFO - Processing /opt/airflow/dags/task.py took 0.092 seconds
[2025-04-08T08:14:49.747+0000] {processor.py:186} INFO - Started process (PID=247) to work on /opt/airflow/dags/task.py
[2025-04-08T08:14:49.748+0000] {processor.py:914} INFO - Processing file /opt/airflow/dags/task.py for tasks to queue
[2025-04-08T08:14:49.751+0000] {logging_mixin.py:190} INFO - [2025-04-08T08:14:49.751+0000] {dagbag.py:588} INFO - Filling up the DagBag from /opt/airflow/dags/task.py
[2025-04-08T08:14:49.771+0000] {processor.py:925} INFO - DAG(s) 'my_dag' retrieved from /opt/airflow/dags/task.py
[2025-04-08T08:14:49.794+0000] {logging_mixin.py:190} INFO - [2025-04-08T08:14:49.794+0000] {dag.py:3239} INFO - Sync 1 DAGs
[2025-04-08T08:14:49.818+0000] {logging_mixin.py:190} INFO - [2025-04-08T08:14:49.818+0000] {dag.py:4180} INFO - Setting next_dagrun for my_dag to 2023-06-06 16:53:00+00:00, run_after=2023-06-06 16:54:00+00:00
[2025-04-08T08:14:49.838+0000] {processor.py:208} INFO - Processing /opt/airflow/dags/task.py took 0.096 seconds
[2025-04-08T08:15:19.976+0000] {processor.py:186} INFO - Started process (PID=254) to work on /opt/airflow/dags/task.py
[2025-04-08T08:15:19.977+0000] {processor.py:914} INFO - Processing file /opt/airflow/dags/task.py for tasks to queue
[2025-04-08T08:15:19.979+0000] {logging_mixin.py:190} INFO - [2025-04-08T08:15:19.978+0000] {dagbag.py:588} INFO - Filling up the DagBag from /opt/airflow/dags/task.py
[2025-04-08T08:15:19.994+0000] {processor.py:925} INFO - DAG(s) 'my_dag' retrieved from /opt/airflow/dags/task.py
[2025-04-08T08:15:20.015+0000] {logging_mixin.py:190} INFO - [2025-04-08T08:15:20.015+0000] {dag.py:3239} INFO - Sync 1 DAGs
[2025-04-08T08:15:20.033+0000] {logging_mixin.py:190} INFO - [2025-04-08T08:15:20.033+0000] {dag.py:4180} INFO - Setting next_dagrun for my_dag to 2023-06-06 16:53:00+00:00, run_after=2023-06-06 16:54:00+00:00
[2025-04-08T08:15:20.047+0000] {processor.py:208} INFO - Processing /opt/airflow/dags/task.py took 0.077 seconds
[2025-04-08T08:15:50.228+0000] {processor.py:186} INFO - Started process (PID=261) to work on /opt/airflow/dags/task.py
[2025-04-08T08:15:50.229+0000] {processor.py:914} INFO - Processing file /opt/airflow/dags/task.py for tasks to queue
[2025-04-08T08:15:50.231+0000] {logging_mixin.py:190} INFO - [2025-04-08T08:15:50.231+0000] {dagbag.py:588} INFO - Filling up the DagBag from /opt/airflow/dags/task.py
[2025-04-08T08:15:50.247+0000] {processor.py:925} INFO - DAG(s) 'my_dag' retrieved from /opt/airflow/dags/task.py
[2025-04-08T08:15:50.269+0000] {logging_mixin.py:190} INFO - [2025-04-08T08:15:50.269+0000] {dag.py:3239} INFO - Sync 1 DAGs
[2025-04-08T08:15:50.288+0000] {logging_mixin.py:190} INFO - [2025-04-08T08:15:50.287+0000] {dag.py:4180} INFO - Setting next_dagrun for my_dag to 2023-06-06 16:53:00+00:00, run_after=2023-06-06 16:54:00+00:00
[2025-04-08T08:15:50.304+0000] {processor.py:208} INFO - Processing /opt/airflow/dags/task.py took 0.080 seconds
[2025-04-08T08:16:20.436+0000] {processor.py:186} INFO - Started process (PID=268) to work on /opt/airflow/dags/task.py
[2025-04-08T08:16:20.437+0000] {processor.py:914} INFO - Processing file /opt/airflow/dags/task.py for tasks to queue
[2025-04-08T08:16:20.440+0000] {logging_mixin.py:190} INFO - [2025-04-08T08:16:20.440+0000] {dagbag.py:588} INFO - Filling up the DagBag from /opt/airflow/dags/task.py
[2025-04-08T08:16:20.465+0000] {processor.py:925} INFO - DAG(s) 'my_dag' retrieved from /opt/airflow/dags/task.py
[2025-04-08T08:16:20.486+0000] {logging_mixin.py:190} INFO - [2025-04-08T08:16:20.486+0000] {dag.py:3239} INFO - Sync 1 DAGs
[2025-04-08T08:16:20.510+0000] {logging_mixin.py:190} INFO - [2025-04-08T08:16:20.510+0000] {dag.py:4180} INFO - Setting next_dagrun for my_dag to 2023-06-06 16:53:00+00:00, run_after=2023-06-06 16:54:00+00:00
[2025-04-08T08:16:20.528+0000] {processor.py:208} INFO - Processing /opt/airflow/dags/task.py took 0.097 seconds
[2025-04-08T08:16:50.690+0000] {processor.py:186} INFO - Started process (PID=275) to work on /opt/airflow/dags/task.py
[2025-04-08T08:16:50.691+0000] {processor.py:914} INFO - Processing file /opt/airflow/dags/task.py for tasks to queue
[2025-04-08T08:16:50.694+0000] {logging_mixin.py:190} INFO - [2025-04-08T08:16:50.694+0000] {dagbag.py:588} INFO - Filling up the DagBag from /opt/airflow/dags/task.py
[2025-04-08T08:16:50.718+0000] {processor.py:925} INFO - DAG(s) 'my_dag' retrieved from /opt/airflow/dags/task.py
[2025-04-08T08:16:50.743+0000] {logging_mixin.py:190} INFO - [2025-04-08T08:16:50.743+0000] {dag.py:3239} INFO - Sync 1 DAGs
[2025-04-08T08:16:50.765+0000] {logging_mixin.py:190} INFO - [2025-04-08T08:16:50.765+0000] {dag.py:4180} INFO - Setting next_dagrun for my_dag to 2023-06-06 16:53:00+00:00, run_after=2023-06-06 16:54:00+00:00
[2025-04-08T08:16:50.783+0000] {processor.py:208} INFO - Processing /opt/airflow/dags/task.py took 0.099 seconds
[2025-04-08T08:17:20.931+0000] {processor.py:186} INFO - Started process (PID=282) to work on /opt/airflow/dags/task.py
[2025-04-08T08:17:20.932+0000] {processor.py:914} INFO - Processing file /opt/airflow/dags/task.py for tasks to queue
[2025-04-08T08:17:20.934+0000] {logging_mixin.py:190} INFO - [2025-04-08T08:17:20.934+0000] {dagbag.py:588} INFO - Filling up the DagBag from /opt/airflow/dags/task.py
[2025-04-08T08:17:20.971+0000] {processor.py:925} INFO - DAG(s) 'my_dag' retrieved from /opt/airflow/dags/task.py
[2025-04-08T08:17:20.992+0000] {logging_mixin.py:190} INFO - [2025-04-08T08:17:20.992+0000] {dag.py:3239} INFO - Sync 1 DAGs
[2025-04-08T08:17:21.021+0000] {logging_mixin.py:190} INFO - [2025-04-08T08:17:21.021+0000] {dag.py:4180} INFO - Setting next_dagrun for my_dag to 2023-06-06 16:53:00+00:00, run_after=2023-06-06 16:54:00+00:00
[2025-04-08T08:17:21.043+0000] {processor.py:208} INFO - Processing /opt/airflow/dags/task.py took 0.118 seconds
[2025-04-08T08:17:51.161+0000] {processor.py:186} INFO - Started process (PID=289) to work on /opt/airflow/dags/task.py
[2025-04-08T08:17:51.162+0000] {processor.py:914} INFO - Processing file /opt/airflow/dags/task.py for tasks to queue
[2025-04-08T08:17:51.164+0000] {logging_mixin.py:190} INFO - [2025-04-08T08:17:51.164+0000] {dagbag.py:588} INFO - Filling up the DagBag from /opt/airflow/dags/task.py
[2025-04-08T08:17:51.179+0000] {processor.py:925} INFO - DAG(s) 'my_dag' retrieved from /opt/airflow/dags/task.py
[2025-04-08T08:17:51.197+0000] {logging_mixin.py:190} INFO - [2025-04-08T08:17:51.197+0000] {dag.py:3239} INFO - Sync 1 DAGs
[2025-04-08T08:17:51.216+0000] {logging_mixin.py:190} INFO - [2025-04-08T08:17:51.216+0000] {dag.py:4180} INFO - Setting next_dagrun for my_dag to 2023-06-06 16:53:00+00:00, run_after=2023-06-06 16:54:00+00:00
[2025-04-08T08:17:51.232+0000] {processor.py:208} INFO - Processing /opt/airflow/dags/task.py took 0.076 seconds
[2025-04-08T08:18:21.444+0000] {processor.py:186} INFO - Started process (PID=296) to work on /opt/airflow/dags/task.py
[2025-04-08T08:18:21.445+0000] {processor.py:914} INFO - Processing file /opt/airflow/dags/task.py for tasks to queue
[2025-04-08T08:18:21.448+0000] {logging_mixin.py:190} INFO - [2025-04-08T08:18:21.447+0000] {dagbag.py:588} INFO - Filling up the DagBag from /opt/airflow/dags/task.py
[2025-04-08T08:18:21.468+0000] {processor.py:925} INFO - DAG(s) 'my_dag' retrieved from /opt/airflow/dags/task.py
[2025-04-08T08:18:21.492+0000] {logging_mixin.py:190} INFO - [2025-04-08T08:18:21.491+0000] {dag.py:3239} INFO - Sync 1 DAGs
[2025-04-08T08:18:21.516+0000] {logging_mixin.py:190} INFO - [2025-04-08T08:18:21.515+0000] {dag.py:4180} INFO - Setting next_dagrun for my_dag to 2023-06-06 16:53:00+00:00, run_after=2023-06-06 16:54:00+00:00
[2025-04-08T08:18:21.533+0000] {processor.py:208} INFO - Processing /opt/airflow/dags/task.py took 0.094 seconds
[2025-04-08T08:18:51.654+0000] {processor.py:186} INFO - Started process (PID=303) to work on /opt/airflow/dags/task.py
[2025-04-08T08:18:51.655+0000] {processor.py:914} INFO - Processing file /opt/airflow/dags/task.py for tasks to queue
[2025-04-08T08:18:51.659+0000] {logging_mixin.py:190} INFO - [2025-04-08T08:18:51.658+0000] {dagbag.py:588} INFO - Filling up the DagBag from /opt/airflow/dags/task.py
[2025-04-08T08:18:51.682+0000] {processor.py:925} INFO - DAG(s) 'my_dag' retrieved from /opt/airflow/dags/task.py
[2025-04-08T08:18:51.709+0000] {logging_mixin.py:190} INFO - [2025-04-08T08:18:51.708+0000] {dag.py:3239} INFO - Sync 1 DAGs
[2025-04-08T08:18:51.729+0000] {logging_mixin.py:190} INFO - [2025-04-08T08:18:51.729+0000] {dag.py:4180} INFO - Setting next_dagrun for my_dag to 2023-06-06 16:53:00+00:00, run_after=2023-06-06 16:54:00+00:00
[2025-04-08T08:18:51.746+0000] {processor.py:208} INFO - Processing /opt/airflow/dags/task.py took 0.098 seconds
[2025-04-08T08:19:21.942+0000] {processor.py:186} INFO - Started process (PID=310) to work on /opt/airflow/dags/task.py
[2025-04-08T08:19:21.943+0000] {processor.py:914} INFO - Processing file /opt/airflow/dags/task.py for tasks to queue
[2025-04-08T08:19:21.945+0000] {logging_mixin.py:190} INFO - [2025-04-08T08:19:21.945+0000] {dagbag.py:588} INFO - Filling up the DagBag from /opt/airflow/dags/task.py
[2025-04-08T08:19:21.963+0000] {processor.py:925} INFO - DAG(s) 'my_dag' retrieved from /opt/airflow/dags/task.py
[2025-04-08T08:19:21.987+0000] {logging_mixin.py:190} INFO - [2025-04-08T08:19:21.986+0000] {dag.py:3239} INFO - Sync 1 DAGs
[2025-04-08T08:19:22.008+0000] {logging_mixin.py:190} INFO - [2025-04-08T08:19:22.007+0000] {dag.py:4180} INFO - Setting next_dagrun for my_dag to 2023-06-06 16:53:00+00:00, run_after=2023-06-06 16:54:00+00:00
[2025-04-08T08:19:22.025+0000] {processor.py:208} INFO - Processing /opt/airflow/dags/task.py took 0.088 seconds
[2025-04-08T08:19:52.135+0000] {processor.py:186} INFO - Started process (PID=317) to work on /opt/airflow/dags/task.py
[2025-04-08T08:19:52.136+0000] {processor.py:914} INFO - Processing file /opt/airflow/dags/task.py for tasks to queue
[2025-04-08T08:19:52.138+0000] {logging_mixin.py:190} INFO - [2025-04-08T08:19:52.138+0000] {dagbag.py:588} INFO - Filling up the DagBag from /opt/airflow/dags/task.py
[2025-04-08T08:19:52.155+0000] {processor.py:925} INFO - DAG(s) 'my_dag' retrieved from /opt/airflow/dags/task.py
[2025-04-08T08:19:52.176+0000] {logging_mixin.py:190} INFO - [2025-04-08T08:19:52.176+0000] {dag.py:3239} INFO - Sync 1 DAGs
[2025-04-08T08:19:52.196+0000] {logging_mixin.py:190} INFO - [2025-04-08T08:19:52.196+0000] {dag.py:4180} INFO - Setting next_dagrun for my_dag to 2023-06-06 16:53:00+00:00, run_after=2023-06-06 16:54:00+00:00
[2025-04-08T08:19:52.211+0000] {processor.py:208} INFO - Processing /opt/airflow/dags/task.py took 0.080 seconds
[2025-04-08T08:20:22.432+0000] {processor.py:186} INFO - Started process (PID=324) to work on /opt/airflow/dags/task.py
[2025-04-08T08:20:22.433+0000] {processor.py:914} INFO - Processing file /opt/airflow/dags/task.py for tasks to queue
[2025-04-08T08:20:22.435+0000] {logging_mixin.py:190} INFO - [2025-04-08T08:20:22.435+0000] {dagbag.py:588} INFO - Filling up the DagBag from /opt/airflow/dags/task.py
[2025-04-08T08:20:22.453+0000] {processor.py:925} INFO - DAG(s) 'my_dag' retrieved from /opt/airflow/dags/task.py
[2025-04-08T08:20:22.474+0000] {logging_mixin.py:190} INFO - [2025-04-08T08:20:22.474+0000] {dag.py:3239} INFO - Sync 1 DAGs
[2025-04-08T08:20:22.494+0000] {logging_mixin.py:190} INFO - [2025-04-08T08:20:22.494+0000] {dag.py:4180} INFO - Setting next_dagrun for my_dag to 2023-06-06 16:53:00+00:00, run_after=2023-06-06 16:54:00+00:00
[2025-04-08T08:20:22.511+0000] {processor.py:208} INFO - Processing /opt/airflow/dags/task.py took 0.083 seconds
[2025-04-08T08:20:52.650+0000] {processor.py:186} INFO - Started process (PID=331) to work on /opt/airflow/dags/task.py
[2025-04-08T08:20:52.651+0000] {processor.py:914} INFO - Processing file /opt/airflow/dags/task.py for tasks to queue
[2025-04-08T08:20:52.653+0000] {logging_mixin.py:190} INFO - [2025-04-08T08:20:52.653+0000] {dagbag.py:588} INFO - Filling up the DagBag from /opt/airflow/dags/task.py
[2025-04-08T08:20:52.671+0000] {processor.py:925} INFO - DAG(s) 'my_dag' retrieved from /opt/airflow/dags/task.py
[2025-04-08T08:20:52.694+0000] {logging_mixin.py:190} INFO - [2025-04-08T08:20:52.693+0000] {dag.py:3239} INFO - Sync 1 DAGs
[2025-04-08T08:20:52.715+0000] {logging_mixin.py:190} INFO - [2025-04-08T08:20:52.715+0000] {dag.py:4180} INFO - Setting next_dagrun for my_dag to 2023-06-06 16:53:00+00:00, run_after=2023-06-06 16:54:00+00:00
[2025-04-08T08:20:52.736+0000] {processor.py:208} INFO - Processing /opt/airflow/dags/task.py took 0.091 seconds
[2025-04-08T08:21:22.927+0000] {processor.py:186} INFO - Started process (PID=338) to work on /opt/airflow/dags/task.py
[2025-04-08T08:21:22.928+0000] {processor.py:914} INFO - Processing file /opt/airflow/dags/task.py for tasks to queue
[2025-04-08T08:21:22.931+0000] {logging_mixin.py:190} INFO - [2025-04-08T08:21:22.931+0000] {dagbag.py:588} INFO - Filling up the DagBag from /opt/airflow/dags/task.py
[2025-04-08T08:21:22.953+0000] {processor.py:925} INFO - DAG(s) 'my_dag' retrieved from /opt/airflow/dags/task.py
[2025-04-08T08:21:22.974+0000] {logging_mixin.py:190} INFO - [2025-04-08T08:21:22.974+0000] {dag.py:3239} INFO - Sync 1 DAGs
[2025-04-08T08:21:22.992+0000] {logging_mixin.py:190} INFO - [2025-04-08T08:21:22.991+0000] {dag.py:4180} INFO - Setting next_dagrun for my_dag to 2023-06-06 16:53:00+00:00, run_after=2023-06-06 16:54:00+00:00
[2025-04-08T08:21:23.009+0000] {processor.py:208} INFO - Processing /opt/airflow/dags/task.py took 0.086 seconds
[2025-04-08T08:21:53.144+0000] {processor.py:186} INFO - Started process (PID=345) to work on /opt/airflow/dags/task.py
[2025-04-08T08:21:53.146+0000] {processor.py:914} INFO - Processing file /opt/airflow/dags/task.py for tasks to queue
[2025-04-08T08:21:53.148+0000] {logging_mixin.py:190} INFO - [2025-04-08T08:21:53.148+0000] {dagbag.py:588} INFO - Filling up the DagBag from /opt/airflow/dags/task.py
[2025-04-08T08:21:53.168+0000] {processor.py:925} INFO - DAG(s) 'my_dag' retrieved from /opt/airflow/dags/task.py
[2025-04-08T08:21:53.192+0000] {logging_mixin.py:190} INFO - [2025-04-08T08:21:53.192+0000] {dag.py:3239} INFO - Sync 1 DAGs
[2025-04-08T08:21:53.215+0000] {logging_mixin.py:190} INFO - [2025-04-08T08:21:53.215+0000] {dag.py:4180} INFO - Setting next_dagrun for my_dag to 2023-06-06 16:53:00+00:00, run_after=2023-06-06 16:54:00+00:00
[2025-04-08T08:21:53.230+0000] {processor.py:208} INFO - Processing /opt/airflow/dags/task.py took 0.092 seconds
[2025-04-08T08:22:23.410+0000] {processor.py:186} INFO - Started process (PID=353) to work on /opt/airflow/dags/task.py
[2025-04-08T08:22:23.411+0000] {processor.py:914} INFO - Processing file /opt/airflow/dags/task.py for tasks to queue
[2025-04-08T08:22:23.414+0000] {logging_mixin.py:190} INFO - [2025-04-08T08:22:23.413+0000] {dagbag.py:588} INFO - Filling up the DagBag from /opt/airflow/dags/task.py
[2025-04-08T08:22:23.431+0000] {processor.py:925} INFO - DAG(s) 'my_dag' retrieved from /opt/airflow/dags/task.py
[2025-04-08T08:22:23.454+0000] {logging_mixin.py:190} INFO - [2025-04-08T08:22:23.454+0000] {dag.py:3239} INFO - Sync 1 DAGs
[2025-04-08T08:22:23.474+0000] {logging_mixin.py:190} INFO - [2025-04-08T08:22:23.474+0000] {dag.py:4180} INFO - Setting next_dagrun for my_dag to 2023-06-06 16:53:00+00:00, run_after=2023-06-06 16:54:00+00:00
[2025-04-08T08:22:23.496+0000] {processor.py:208} INFO - Processing /opt/airflow/dags/task.py took 0.090 seconds
[2025-04-08T08:22:53.612+0000] {processor.py:186} INFO - Started process (PID=360) to work on /opt/airflow/dags/task.py
[2025-04-08T08:22:53.614+0000] {processor.py:914} INFO - Processing file /opt/airflow/dags/task.py for tasks to queue
[2025-04-08T08:22:53.617+0000] {logging_mixin.py:190} INFO - [2025-04-08T08:22:53.617+0000] {dagbag.py:588} INFO - Filling up the DagBag from /opt/airflow/dags/task.py
[2025-04-08T08:22:53.642+0000] {processor.py:925} INFO - DAG(s) 'my_dag' retrieved from /opt/airflow/dags/task.py
[2025-04-08T08:22:53.668+0000] {logging_mixin.py:190} INFO - [2025-04-08T08:22:53.668+0000] {dag.py:3239} INFO - Sync 1 DAGs
[2025-04-08T08:22:53.691+0000] {logging_mixin.py:190} INFO - [2025-04-08T08:22:53.691+0000] {dag.py:4180} INFO - Setting next_dagrun for my_dag to 2023-06-06 16:53:00+00:00, run_after=2023-06-06 16:54:00+00:00
[2025-04-08T08:22:53.709+0000] {processor.py:208} INFO - Processing /opt/airflow/dags/task.py took 0.103 seconds
[2025-04-08T08:23:23.862+0000] {processor.py:186} INFO - Started process (PID=367) to work on /opt/airflow/dags/task.py
[2025-04-08T08:23:23.863+0000] {processor.py:914} INFO - Processing file /opt/airflow/dags/task.py for tasks to queue
[2025-04-08T08:23:23.865+0000] {logging_mixin.py:190} INFO - [2025-04-08T08:23:23.865+0000] {dagbag.py:588} INFO - Filling up the DagBag from /opt/airflow/dags/task.py
[2025-04-08T08:23:23.884+0000] {processor.py:925} INFO - DAG(s) 'my_dag' retrieved from /opt/airflow/dags/task.py
[2025-04-08T08:23:23.906+0000] {logging_mixin.py:190} INFO - [2025-04-08T08:23:23.906+0000] {dag.py:3239} INFO - Sync 1 DAGs
[2025-04-08T08:23:23.927+0000] {logging_mixin.py:190} INFO - [2025-04-08T08:23:23.927+0000] {dag.py:4180} INFO - Setting next_dagrun for my_dag to 2023-06-06 16:53:00+00:00, run_after=2023-06-06 16:54:00+00:00
[2025-04-08T08:23:23.944+0000] {processor.py:208} INFO - Processing /opt/airflow/dags/task.py took 0.087 seconds
[2025-04-08T08:23:54.071+0000] {processor.py:186} INFO - Started process (PID=374) to work on /opt/airflow/dags/task.py
[2025-04-08T08:23:54.072+0000] {processor.py:914} INFO - Processing file /opt/airflow/dags/task.py for tasks to queue
[2025-04-08T08:23:54.074+0000] {logging_mixin.py:190} INFO - [2025-04-08T08:23:54.074+0000] {dagbag.py:588} INFO - Filling up the DagBag from /opt/airflow/dags/task.py
[2025-04-08T08:23:54.092+0000] {processor.py:925} INFO - DAG(s) 'my_dag' retrieved from /opt/airflow/dags/task.py
[2025-04-08T08:23:54.113+0000] {logging_mixin.py:190} INFO - [2025-04-08T08:23:54.113+0000] {dag.py:3239} INFO - Sync 1 DAGs
[2025-04-08T08:23:54.133+0000] {logging_mixin.py:190} INFO - [2025-04-08T08:23:54.133+0000] {dag.py:4180} INFO - Setting next_dagrun for my_dag to 2023-06-06 16:53:00+00:00, run_after=2023-06-06 16:54:00+00:00
[2025-04-08T08:23:54.150+0000] {processor.py:208} INFO - Processing /opt/airflow/dags/task.py took 0.083 seconds
[2025-04-08T08:24:24.324+0000] {processor.py:186} INFO - Started process (PID=381) to work on /opt/airflow/dags/task.py
[2025-04-08T08:24:24.325+0000] {processor.py:914} INFO - Processing file /opt/airflow/dags/task.py for tasks to queue
[2025-04-08T08:24:24.327+0000] {logging_mixin.py:190} INFO - [2025-04-08T08:24:24.327+0000] {dagbag.py:588} INFO - Filling up the DagBag from /opt/airflow/dags/task.py
[2025-04-08T08:24:24.347+0000] {processor.py:925} INFO - DAG(s) 'my_dag' retrieved from /opt/airflow/dags/task.py
[2025-04-08T08:24:24.370+0000] {logging_mixin.py:190} INFO - [2025-04-08T08:24:24.369+0000] {dag.py:3239} INFO - Sync 1 DAGs
[2025-04-08T08:24:24.390+0000] {logging_mixin.py:190} INFO - [2025-04-08T08:24:24.390+0000] {dag.py:4180} INFO - Setting next_dagrun for my_dag to 2023-06-06 16:53:00+00:00, run_after=2023-06-06 16:54:00+00:00
[2025-04-08T08:24:24.414+0000] {processor.py:208} INFO - Processing /opt/airflow/dags/task.py took 0.096 seconds
[2025-04-08T08:24:54.527+0000] {processor.py:186} INFO - Started process (PID=388) to work on /opt/airflow/dags/task.py
[2025-04-08T08:24:54.528+0000] {processor.py:914} INFO - Processing file /opt/airflow/dags/task.py for tasks to queue
[2025-04-08T08:24:54.530+0000] {logging_mixin.py:190} INFO - [2025-04-08T08:24:54.530+0000] {dagbag.py:588} INFO - Filling up the DagBag from /opt/airflow/dags/task.py
[2025-04-08T08:24:54.549+0000] {processor.py:925} INFO - DAG(s) 'my_dag' retrieved from /opt/airflow/dags/task.py
[2025-04-08T08:24:54.572+0000] {logging_mixin.py:190} INFO - [2025-04-08T08:24:54.572+0000] {dag.py:3239} INFO - Sync 1 DAGs
[2025-04-08T08:24:54.592+0000] {logging_mixin.py:190} INFO - [2025-04-08T08:24:54.592+0000] {dag.py:4180} INFO - Setting next_dagrun for my_dag to 2023-06-06 16:53:00+00:00, run_after=2023-06-06 16:54:00+00:00
[2025-04-08T08:24:54.610+0000] {processor.py:208} INFO - Processing /opt/airflow/dags/task.py took 0.089 seconds
[2025-04-08T08:25:24.789+0000] {processor.py:186} INFO - Started process (PID=395) to work on /opt/airflow/dags/task.py
[2025-04-08T08:25:24.789+0000] {processor.py:914} INFO - Processing file /opt/airflow/dags/task.py for tasks to queue
[2025-04-08T08:25:24.791+0000] {logging_mixin.py:190} INFO - [2025-04-08T08:25:24.791+0000] {dagbag.py:588} INFO - Filling up the DagBag from /opt/airflow/dags/task.py
[2025-04-08T08:25:24.806+0000] {processor.py:925} INFO - DAG(s) 'my_dag' retrieved from /opt/airflow/dags/task.py
[2025-04-08T08:25:24.827+0000] {logging_mixin.py:190} INFO - [2025-04-08T08:25:24.827+0000] {dag.py:3239} INFO - Sync 1 DAGs
[2025-04-08T08:25:24.847+0000] {logging_mixin.py:190} INFO - [2025-04-08T08:25:24.847+0000] {dag.py:4180} INFO - Setting next_dagrun for my_dag to 2023-06-06 16:53:00+00:00, run_after=2023-06-06 16:54:00+00:00
[2025-04-08T08:25:24.863+0000] {processor.py:208} INFO - Processing /opt/airflow/dags/task.py took 0.079 seconds
[2025-04-08T08:25:54.996+0000] {processor.py:186} INFO - Started process (PID=402) to work on /opt/airflow/dags/task.py
[2025-04-08T08:25:54.997+0000] {processor.py:914} INFO - Processing file /opt/airflow/dags/task.py for tasks to queue
[2025-04-08T08:25:54.999+0000] {logging_mixin.py:190} INFO - [2025-04-08T08:25:54.999+0000] {dagbag.py:588} INFO - Filling up the DagBag from /opt/airflow/dags/task.py
[2025-04-08T08:25:55.026+0000] {processor.py:925} INFO - DAG(s) 'my_dag' retrieved from /opt/airflow/dags/task.py
[2025-04-08T08:25:55.053+0000] {logging_mixin.py:190} INFO - [2025-04-08T08:25:55.053+0000] {dag.py:3239} INFO - Sync 1 DAGs
[2025-04-08T08:25:55.075+0000] {logging_mixin.py:190} INFO - [2025-04-08T08:25:55.075+0000] {dag.py:4180} INFO - Setting next_dagrun for my_dag to 2023-06-06 16:53:00+00:00, run_after=2023-06-06 16:54:00+00:00
[2025-04-08T08:25:55.097+0000] {processor.py:208} INFO - Processing /opt/airflow/dags/task.py took 0.107 seconds
[2025-04-08T08:26:25.249+0000] {processor.py:186} INFO - Started process (PID=410) to work on /opt/airflow/dags/task.py
[2025-04-08T08:26:25.250+0000] {processor.py:914} INFO - Processing file /opt/airflow/dags/task.py for tasks to queue
[2025-04-08T08:26:25.252+0000] {logging_mixin.py:190} INFO - [2025-04-08T08:26:25.251+0000] {dagbag.py:588} INFO - Filling up the DagBag from /opt/airflow/dags/task.py
[2025-04-08T08:26:25.267+0000] {processor.py:925} INFO - DAG(s) 'my_dag' retrieved from /opt/airflow/dags/task.py
[2025-04-08T08:26:25.291+0000] {logging_mixin.py:190} INFO - [2025-04-08T08:26:25.291+0000] {dag.py:3239} INFO - Sync 1 DAGs
[2025-04-08T08:26:25.311+0000] {logging_mixin.py:190} INFO - [2025-04-08T08:26:25.311+0000] {dag.py:4180} INFO - Setting next_dagrun for my_dag to 2023-06-06 16:53:00+00:00, run_after=2023-06-06 16:54:00+00:00
[2025-04-08T08:26:25.330+0000] {processor.py:208} INFO - Processing /opt/airflow/dags/task.py took 0.087 seconds
[2025-04-08T08:26:55.474+0000] {processor.py:186} INFO - Started process (PID=417) to work on /opt/airflow/dags/task.py
[2025-04-08T08:26:55.475+0000] {processor.py:914} INFO - Processing file /opt/airflow/dags/task.py for tasks to queue
[2025-04-08T08:26:55.478+0000] {logging_mixin.py:190} INFO - [2025-04-08T08:26:55.478+0000] {dagbag.py:588} INFO - Filling up the DagBag from /opt/airflow/dags/task.py
[2025-04-08T08:26:55.495+0000] {processor.py:925} INFO - DAG(s) 'my_dag' retrieved from /opt/airflow/dags/task.py
[2025-04-08T08:26:55.518+0000] {logging_mixin.py:190} INFO - [2025-04-08T08:26:55.518+0000] {dag.py:3239} INFO - Sync 1 DAGs
[2025-04-08T08:26:55.541+0000] {logging_mixin.py:190} INFO - [2025-04-08T08:26:55.541+0000] {dag.py:4180} INFO - Setting next_dagrun for my_dag to 2023-06-06 16:53:00+00:00, run_after=2023-06-06 16:54:00+00:00
[2025-04-08T08:26:55.560+0000] {processor.py:208} INFO - Processing /opt/airflow/dags/task.py took 0.091 seconds
[2025-04-08T08:27:25.698+0000] {processor.py:186} INFO - Started process (PID=424) to work on /opt/airflow/dags/task.py
[2025-04-08T08:27:25.699+0000] {processor.py:914} INFO - Processing file /opt/airflow/dags/task.py for tasks to queue
[2025-04-08T08:27:25.702+0000] {logging_mixin.py:190} INFO - [2025-04-08T08:27:25.701+0000] {dagbag.py:588} INFO - Filling up the DagBag from /opt/airflow/dags/task.py
[2025-04-08T08:27:25.724+0000] {processor.py:925} INFO - DAG(s) 'my_dag' retrieved from /opt/airflow/dags/task.py
[2025-04-08T08:27:25.750+0000] {logging_mixin.py:190} INFO - [2025-04-08T08:27:25.750+0000] {dag.py:3239} INFO - Sync 1 DAGs
[2025-04-08T08:27:25.775+0000] {logging_mixin.py:190} INFO - [2025-04-08T08:27:25.775+0000] {dag.py:4180} INFO - Setting next_dagrun for my_dag to 2023-06-06 16:53:00+00:00, run_after=2023-06-06 16:54:00+00:00
[2025-04-08T08:27:25.793+0000] {processor.py:208} INFO - Processing /opt/airflow/dags/task.py took 0.102 seconds
[2025-04-08T08:27:55.926+0000] {processor.py:186} INFO - Started process (PID=431) to work on /opt/airflow/dags/task.py
[2025-04-08T08:27:55.927+0000] {processor.py:914} INFO - Processing file /opt/airflow/dags/task.py for tasks to queue
[2025-04-08T08:27:55.930+0000] {logging_mixin.py:190} INFO - [2025-04-08T08:27:55.929+0000] {dagbag.py:588} INFO - Filling up the DagBag from /opt/airflow/dags/task.py
[2025-04-08T08:27:55.953+0000] {processor.py:925} INFO - DAG(s) 'my_dag' retrieved from /opt/airflow/dags/task.py
[2025-04-08T08:27:55.979+0000] {logging_mixin.py:190} INFO - [2025-04-08T08:27:55.979+0000] {dag.py:3239} INFO - Sync 1 DAGs
[2025-04-08T08:27:56.003+0000] {logging_mixin.py:190} INFO - [2025-04-08T08:27:56.002+0000] {dag.py:4180} INFO - Setting next_dagrun for my_dag to 2023-06-06 16:53:00+00:00, run_after=2023-06-06 16:54:00+00:00
[2025-04-08T08:27:56.021+0000] {processor.py:208} INFO - Processing /opt/airflow/dags/task.py took 0.099 seconds
[2025-04-08T08:28:26.189+0000] {processor.py:186} INFO - Started process (PID=438) to work on /opt/airflow/dags/task.py
[2025-04-08T08:28:26.190+0000] {processor.py:914} INFO - Processing file /opt/airflow/dags/task.py for tasks to queue
[2025-04-08T08:28:26.192+0000] {logging_mixin.py:190} INFO - [2025-04-08T08:28:26.192+0000] {dagbag.py:588} INFO - Filling up the DagBag from /opt/airflow/dags/task.py
[2025-04-08T08:28:26.212+0000] {processor.py:925} INFO - DAG(s) 'my_dag' retrieved from /opt/airflow/dags/task.py
[2025-04-08T08:28:26.237+0000] {logging_mixin.py:190} INFO - [2025-04-08T08:28:26.237+0000] {dag.py:3239} INFO - Sync 1 DAGs
[2025-04-08T08:28:26.258+0000] {logging_mixin.py:190} INFO - [2025-04-08T08:28:26.257+0000] {dag.py:4180} INFO - Setting next_dagrun for my_dag to 2023-06-06 16:53:00+00:00, run_after=2023-06-06 16:54:00+00:00
[2025-04-08T08:28:26.277+0000] {processor.py:208} INFO - Processing /opt/airflow/dags/task.py took 0.092 seconds
[2025-04-08T08:28:56.405+0000] {processor.py:186} INFO - Started process (PID=445) to work on /opt/airflow/dags/task.py
[2025-04-08T08:28:56.406+0000] {processor.py:914} INFO - Processing file /opt/airflow/dags/task.py for tasks to queue
[2025-04-08T08:28:56.408+0000] {logging_mixin.py:190} INFO - [2025-04-08T08:28:56.408+0000] {dagbag.py:588} INFO - Filling up the DagBag from /opt/airflow/dags/task.py
[2025-04-08T08:28:56.426+0000] {processor.py:925} INFO - DAG(s) 'my_dag' retrieved from /opt/airflow/dags/task.py
[2025-04-08T08:28:56.447+0000] {logging_mixin.py:190} INFO - [2025-04-08T08:28:56.446+0000] {dag.py:3239} INFO - Sync 1 DAGs
[2025-04-08T08:28:56.467+0000] {logging_mixin.py:190} INFO - [2025-04-08T08:28:56.467+0000] {dag.py:4180} INFO - Setting next_dagrun for my_dag to 2023-06-06 16:53:00+00:00, run_after=2023-06-06 16:54:00+00:00
[2025-04-08T08:28:56.484+0000] {processor.py:208} INFO - Processing /opt/airflow/dags/task.py took 0.084 seconds
[2025-04-08T08:29:26.653+0000] {processor.py:186} INFO - Started process (PID=452) to work on /opt/airflow/dags/task.py
[2025-04-08T08:29:26.654+0000] {processor.py:914} INFO - Processing file /opt/airflow/dags/task.py for tasks to queue
[2025-04-08T08:29:26.656+0000] {logging_mixin.py:190} INFO - [2025-04-08T08:29:26.656+0000] {dagbag.py:588} INFO - Filling up the DagBag from /opt/airflow/dags/task.py
[2025-04-08T08:29:26.675+0000] {processor.py:925} INFO - DAG(s) 'my_dag' retrieved from /opt/airflow/dags/task.py
[2025-04-08T08:29:26.699+0000] {logging_mixin.py:190} INFO - [2025-04-08T08:29:26.699+0000] {dag.py:3239} INFO - Sync 1 DAGs
[2025-04-08T08:29:26.722+0000] {logging_mixin.py:190} INFO - [2025-04-08T08:29:26.721+0000] {dag.py:4180} INFO - Setting next_dagrun for my_dag to 2023-06-06 16:53:00+00:00, run_after=2023-06-06 16:54:00+00:00
[2025-04-08T08:29:26.739+0000] {processor.py:208} INFO - Processing /opt/airflow/dags/task.py took 0.091 seconds
[2025-04-08T08:29:56.863+0000] {processor.py:186} INFO - Started process (PID=458) to work on /opt/airflow/dags/task.py
[2025-04-08T08:29:56.864+0000] {processor.py:914} INFO - Processing file /opt/airflow/dags/task.py for tasks to queue
[2025-04-08T08:29:56.867+0000] {logging_mixin.py:190} INFO - [2025-04-08T08:29:56.866+0000] {dagbag.py:588} INFO - Filling up the DagBag from /opt/airflow/dags/task.py
[2025-04-08T08:29:56.887+0000] {processor.py:925} INFO - DAG(s) 'my_dag' retrieved from /opt/airflow/dags/task.py
[2025-04-08T08:29:56.912+0000] {logging_mixin.py:190} INFO - [2025-04-08T08:29:56.912+0000] {dag.py:3239} INFO - Sync 1 DAGs
[2025-04-08T08:29:56.934+0000] {logging_mixin.py:190} INFO - [2025-04-08T08:29:56.933+0000] {dag.py:4180} INFO - Setting next_dagrun for my_dag to 2023-06-06 16:53:00+00:00, run_after=2023-06-06 16:54:00+00:00
[2025-04-08T08:29:56.952+0000] {processor.py:208} INFO - Processing /opt/airflow/dags/task.py took 0.096 seconds
[2025-04-08T08:30:27.114+0000] {processor.py:186} INFO - Started process (PID=465) to work on /opt/airflow/dags/task.py
[2025-04-08T08:30:27.115+0000] {processor.py:914} INFO - Processing file /opt/airflow/dags/task.py for tasks to queue
[2025-04-08T08:30:27.117+0000] {logging_mixin.py:190} INFO - [2025-04-08T08:30:27.117+0000] {dagbag.py:588} INFO - Filling up the DagBag from /opt/airflow/dags/task.py
[2025-04-08T08:30:27.136+0000] {processor.py:925} INFO - DAG(s) 'my_dag' retrieved from /opt/airflow/dags/task.py
[2025-04-08T08:30:27.155+0000] {logging_mixin.py:190} INFO - [2025-04-08T08:30:27.155+0000] {dag.py:3239} INFO - Sync 1 DAGs
[2025-04-08T08:30:27.174+0000] {logging_mixin.py:190} INFO - [2025-04-08T08:30:27.174+0000] {dag.py:4180} INFO - Setting next_dagrun for my_dag to 2023-06-06 16:53:00+00:00, run_after=2023-06-06 16:54:00+00:00
[2025-04-08T08:30:27.191+0000] {processor.py:208} INFO - Processing /opt/airflow/dags/task.py took 0.081 seconds
[2025-04-08T08:30:57.316+0000] {processor.py:186} INFO - Started process (PID=472) to work on /opt/airflow/dags/task.py
[2025-04-08T08:30:57.318+0000] {processor.py:914} INFO - Processing file /opt/airflow/dags/task.py for tasks to queue
[2025-04-08T08:30:57.320+0000] {logging_mixin.py:190} INFO - [2025-04-08T08:30:57.320+0000] {dagbag.py:588} INFO - Filling up the DagBag from /opt/airflow/dags/task.py
[2025-04-08T08:30:57.338+0000] {processor.py:925} INFO - DAG(s) 'my_dag' retrieved from /opt/airflow/dags/task.py
[2025-04-08T08:30:57.362+0000] {logging_mixin.py:190} INFO - [2025-04-08T08:30:57.362+0000] {dag.py:3239} INFO - Sync 1 DAGs
[2025-04-08T08:30:57.383+0000] {logging_mixin.py:190} INFO - [2025-04-08T08:30:57.383+0000] {dag.py:4180} INFO - Setting next_dagrun for my_dag to 2023-06-06 16:53:00+00:00, run_after=2023-06-06 16:54:00+00:00
[2025-04-08T08:30:57.405+0000] {processor.py:208} INFO - Processing /opt/airflow/dags/task.py took 0.093 seconds
[2025-04-08T08:31:27.571+0000] {processor.py:186} INFO - Started process (PID=479) to work on /opt/airflow/dags/task.py
[2025-04-08T08:31:27.572+0000] {processor.py:914} INFO - Processing file /opt/airflow/dags/task.py for tasks to queue
[2025-04-08T08:31:27.575+0000] {logging_mixin.py:190} INFO - [2025-04-08T08:31:27.575+0000] {dagbag.py:588} INFO - Filling up the DagBag from /opt/airflow/dags/task.py
[2025-04-08T08:31:27.594+0000] {processor.py:925} INFO - DAG(s) 'my_dag' retrieved from /opt/airflow/dags/task.py
[2025-04-08T08:31:27.616+0000] {logging_mixin.py:190} INFO - [2025-04-08T08:31:27.616+0000] {dag.py:3239} INFO - Sync 1 DAGs
[2025-04-08T08:31:27.638+0000] {logging_mixin.py:190} INFO - [2025-04-08T08:31:27.638+0000] {dag.py:4180} INFO - Setting next_dagrun for my_dag to 2023-06-06 16:53:00+00:00, run_after=2023-06-06 16:54:00+00:00
[2025-04-08T08:31:27.653+0000] {processor.py:208} INFO - Processing /opt/airflow/dags/task.py took 0.087 seconds
[2025-04-08T08:31:57.782+0000] {processor.py:186} INFO - Started process (PID=486) to work on /opt/airflow/dags/task.py
[2025-04-08T08:31:57.783+0000] {processor.py:914} INFO - Processing file /opt/airflow/dags/task.py for tasks to queue
[2025-04-08T08:31:57.785+0000] {logging_mixin.py:190} INFO - [2025-04-08T08:31:57.785+0000] {dagbag.py:588} INFO - Filling up the DagBag from /opt/airflow/dags/task.py
[2025-04-08T08:31:57.806+0000] {processor.py:925} INFO - DAG(s) 'my_dag' retrieved from /opt/airflow/dags/task.py
[2025-04-08T08:31:57.828+0000] {logging_mixin.py:190} INFO - [2025-04-08T08:31:57.828+0000] {dag.py:3239} INFO - Sync 1 DAGs
[2025-04-08T08:31:57.852+0000] {logging_mixin.py:190} INFO - [2025-04-08T08:31:57.852+0000] {dag.py:4180} INFO - Setting next_dagrun for my_dag to 2023-06-06 16:53:00+00:00, run_after=2023-06-06 16:54:00+00:00
[2025-04-08T08:31:57.870+0000] {processor.py:208} INFO - Processing /opt/airflow/dags/task.py took 0.093 seconds
[2025-04-08T08:32:28.043+0000] {processor.py:186} INFO - Started process (PID=493) to work on /opt/airflow/dags/task.py
[2025-04-08T08:32:28.043+0000] {processor.py:914} INFO - Processing file /opt/airflow/dags/task.py for tasks to queue
[2025-04-08T08:32:28.046+0000] {logging_mixin.py:190} INFO - [2025-04-08T08:32:28.045+0000] {dagbag.py:588} INFO - Filling up the DagBag from /opt/airflow/dags/task.py
[2025-04-08T08:32:28.067+0000] {processor.py:925} INFO - DAG(s) 'my_dag' retrieved from /opt/airflow/dags/task.py
[2025-04-08T08:32:28.088+0000] {logging_mixin.py:190} INFO - [2025-04-08T08:32:28.088+0000] {dag.py:3239} INFO - Sync 1 DAGs
[2025-04-08T08:32:28.111+0000] {logging_mixin.py:190} INFO - [2025-04-08T08:32:28.110+0000] {dag.py:4180} INFO - Setting next_dagrun for my_dag to 2023-06-06 16:53:00+00:00, run_after=2023-06-06 16:54:00+00:00
[2025-04-08T08:32:28.127+0000] {processor.py:208} INFO - Processing /opt/airflow/dags/task.py took 0.089 seconds
