[2025-04-08T08:02:12.797+0000] {manager.py:483} INFO - Processing files using up to 2 processes at a time 
[2025-04-08T08:02:12.797+0000] {manager.py:484} INFO - Process each file at most once every 30 seconds
[2025-04-08T08:02:12.798+0000] {manager.py:485} INFO - Checking for new files in /opt/airflow/dags every 300 seconds
[2025-04-08T08:02:12.798+0000] {manager.py:821} INFO - Searching for files in /opt/airflow/dags
[2025-04-08T08:02:12.815+0000] {manager.py:824} INFO - There are 1 files in /opt/airflow/dags
[2025-04-08T08:02:12.904+0000] {manager.py:997} INFO - 
================================================================================
DAG File Processing Stats

File Path                    PID  Runtime      # DAGs    # Errors  Last Runtime    Last Run      Last # of DB Queries
-------------------------  -----  ---------  --------  ----------  --------------  ----------  ----------------------
/opt/airflow/dags/task.py     65  0.02s             0           0                                                   0
================================================================================
[2025-04-08T08:02:43.113+0000] {manager.py:997} INFO - 
================================================================================
DAG File Processing Stats

File Path                  PID    Runtime      # DAGs    # Errors  Last Runtime    Last Run               Last # of DB Queries
-------------------------  -----  ---------  --------  ----------  --------------  -------------------  ----------------------
/opt/airflow/dags/task.py                           1           0  0.36s           2025-04-08T08:02:13                      45
================================================================================
[2025-04-08T08:03:13.730+0000] {manager.py:997} INFO - 
================================================================================
DAG File Processing Stats

File Path                    PID  Runtime      # DAGs    # Errors  Last Runtime    Last Run               Last # of DB Queries
-------------------------  -----  ---------  --------  ----------  --------------  -------------------  ----------------------
/opt/airflow/dags/task.py     79  0.00s             1           0  0.12s           2025-04-08T08:02:43                      12
================================================================================
[2025-04-08T08:03:44.038+0000] {manager.py:997} INFO - 
================================================================================
DAG File Processing Stats

File Path                    PID  Runtime      # DAGs    # Errors  Last Runtime    Last Run               Last # of DB Queries
-------------------------  -----  ---------  --------  ----------  --------------  -------------------  ----------------------
/opt/airflow/dags/task.py     86  0.00s             1           0  0.11s           2025-04-08T08:03:13                      12
================================================================================
[2025-04-08T08:04:14.299+0000] {manager.py:997} INFO - 
================================================================================
DAG File Processing Stats

File Path                    PID  Runtime      # DAGs    # Errors  Last Runtime    Last Run               Last # of DB Queries
-------------------------  -----  ---------  --------  ----------  --------------  -------------------  ----------------------
/opt/airflow/dags/task.py     93  0.00s             1           0  0.10s           2025-04-08T08:03:44                      12
================================================================================
[2025-04-08T08:04:44.588+0000] {manager.py:997} INFO - 
================================================================================
DAG File Processing Stats

File Path                    PID  Runtime      # DAGs    # Errors  Last Runtime    Last Run               Last # of DB Queries
-------------------------  -----  ---------  --------  ----------  --------------  -------------------  ----------------------
/opt/airflow/dags/task.py    100  0.00s             1           0  0.10s           2025-04-08T08:04:14                      12
================================================================================
[2025-04-08T08:05:14.829+0000] {manager.py:997} INFO - 
================================================================================
DAG File Processing Stats

File Path                    PID  Runtime      # DAGs    # Errors  Last Runtime    Last Run               Last # of DB Queries
-------------------------  -----  ---------  --------  ----------  --------------  -------------------  ----------------------
/opt/airflow/dags/task.py    107  0.00s             1           0  0.10s           2025-04-08T08:04:44                      12
================================================================================
[2025-04-08T08:05:45.133+0000] {manager.py:997} INFO - 
================================================================================
DAG File Processing Stats

File Path                    PID  Runtime      # DAGs    # Errors  Last Runtime    Last Run               Last # of DB Queries
-------------------------  -----  ---------  --------  ----------  --------------  -------------------  ----------------------
/opt/airflow/dags/task.py    114  0.00s             1           0  0.09s           2025-04-08T08:05:14                      12
================================================================================
[2025-04-08T08:06:15.338+0000] {manager.py:997} INFO - 
================================================================================
DAG File Processing Stats

File Path                    PID  Runtime      # DAGs    # Errors  Last Runtime    Last Run               Last # of DB Queries
-------------------------  -----  ---------  --------  ----------  --------------  -------------------  ----------------------
/opt/airflow/dags/task.py    121  0.00s             1           0  0.10s           2025-04-08T08:05:45                      12
================================================================================
[2025-04-08T08:06:45.604+0000] {manager.py:997} INFO - 
================================================================================
DAG File Processing Stats

File Path                    PID  Runtime      # DAGs    # Errors  Last Runtime    Last Run               Last # of DB Queries
-------------------------  -----  ---------  --------  ----------  --------------  -------------------  ----------------------
/opt/airflow/dags/task.py    128  0.00s             1           0  0.11s           2025-04-08T08:06:15                      12
================================================================================
[2025-04-08T08:07:12.811+0000] {manager.py:821} INFO - Searching for files in /opt/airflow/dags
[2025-04-08T08:07:12.824+0000] {manager.py:824} INFO - There are 1 files in /opt/airflow/dags
[2025-04-08T08:07:15.877+0000] {manager.py:997} INFO - 
================================================================================
DAG File Processing Stats

File Path                    PID  Runtime      # DAGs    # Errors  Last Runtime    Last Run               Last # of DB Queries
-------------------------  -----  ---------  --------  ----------  --------------  -------------------  ----------------------
/opt/airflow/dags/task.py    135  0.00s             1           0  0.11s           2025-04-08T08:06:45                      12
================================================================================
[2025-04-08T08:07:46.127+0000] {manager.py:997} INFO - 
================================================================================
DAG File Processing Stats

File Path                    PID  Runtime      # DAGs    # Errors  Last Runtime    Last Run               Last # of DB Queries
-------------------------  -----  ---------  --------  ----------  --------------  -------------------  ----------------------
/opt/airflow/dags/task.py    142  0.00s             1           0  0.09s           2025-04-08T08:07:15                      12
================================================================================
[2025-04-08T08:08:16.379+0000] {manager.py:997} INFO - 
================================================================================
DAG File Processing Stats

File Path                    PID  Runtime      # DAGs    # Errors  Last Runtime    Last Run               Last # of DB Queries
-------------------------  -----  ---------  --------  ----------  --------------  -------------------  ----------------------
/opt/airflow/dags/task.py    149  0.00s             1           0  0.10s           2025-04-08T08:07:46                      12
================================================================================
[2025-04-08T08:08:46.660+0000] {manager.py:997} INFO - 
================================================================================
DAG File Processing Stats

File Path                    PID  Runtime      # DAGs    # Errors  Last Runtime    Last Run               Last # of DB Queries
-------------------------  -----  ---------  --------  ----------  --------------  -------------------  ----------------------
/opt/airflow/dags/task.py    156  0.00s             1           0  0.10s           2025-04-08T08:08:16                      12
================================================================================
[2025-04-08T08:09:16.905+0000] {manager.py:997} INFO - 
================================================================================
DAG File Processing Stats

File Path                    PID  Runtime      # DAGs    # Errors  Last Runtime    Last Run               Last # of DB Queries
-------------------------  -----  ---------  --------  ----------  --------------  -------------------  ----------------------
/opt/airflow/dags/task.py    163  0.00s             1           0  0.09s           2025-04-08T08:08:46                      12
================================================================================
[2025-04-08T08:09:47.167+0000] {manager.py:997} INFO - 
================================================================================
DAG File Processing Stats

File Path                    PID  Runtime      # DAGs    # Errors  Last Runtime    Last Run               Last # of DB Queries
-------------------------  -----  ---------  --------  ----------  --------------  -------------------  ----------------------
/opt/airflow/dags/task.py    171  0.00s             1           0  0.09s           2025-04-08T08:09:16                      12
================================================================================
[2025-04-08T08:10:17.394+0000] {manager.py:997} INFO - 
================================================================================
DAG File Processing Stats

File Path                    PID  Runtime      # DAGs    # Errors  Last Runtime    Last Run               Last # of DB Queries
-------------------------  -----  ---------  --------  ----------  --------------  -------------------  ----------------------
/opt/airflow/dags/task.py    178  0.00s             1           0  0.10s           2025-04-08T08:09:47                      12
================================================================================
[2025-04-08T08:10:47.710+0000] {manager.py:997} INFO - 
================================================================================
DAG File Processing Stats

File Path                    PID  Runtime      # DAGs    # Errors  Last Runtime    Last Run               Last # of DB Queries
-------------------------  -----  ---------  --------  ----------  --------------  -------------------  ----------------------
/opt/airflow/dags/task.py    185  0.01s             1           0  0.12s           2025-04-08T08:10:17                      12
================================================================================
[2025-04-08T08:11:17.949+0000] {manager.py:997} INFO - 
================================================================================
DAG File Processing Stats

File Path                    PID  Runtime      # DAGs    # Errors  Last Runtime    Last Run               Last # of DB Queries
-------------------------  -----  ---------  --------  ----------  --------------  -------------------  ----------------------
/opt/airflow/dags/task.py    192  0.01s             1           0  0.13s           2025-04-08T08:10:47                      12
================================================================================
[2025-04-08T08:11:48.239+0000] {manager.py:997} INFO - 
================================================================================
DAG File Processing Stats

File Path                    PID  Runtime      # DAGs    # Errors  Last Runtime    Last Run               Last # of DB Queries
-------------------------  -----  ---------  --------  ----------  --------------  -------------------  ----------------------
/opt/airflow/dags/task.py    205  0.00s             1           0  0.16s           2025-04-08T08:11:18                      12
================================================================================
[2025-04-08T08:12:13.423+0000] {manager.py:821} INFO - Searching for files in /opt/airflow/dags
[2025-04-08T08:12:13.440+0000] {manager.py:824} INFO - There are 1 files in /opt/airflow/dags
[2025-04-08T08:12:18.493+0000] {manager.py:997} INFO - 
================================================================================
DAG File Processing Stats

File Path                    PID  Runtime      # DAGs    # Errors  Last Runtime    Last Run               Last # of DB Queries
-------------------------  -----  ---------  --------  ----------  --------------  -------------------  ----------------------
/opt/airflow/dags/task.py    212  0.00s             1           0  0.11s           2025-04-08T08:11:48                      12
================================================================================
[2025-04-08T08:12:48.746+0000] {manager.py:997} INFO - 
================================================================================
DAG File Processing Stats

File Path                    PID  Runtime      # DAGs    # Errors  Last Runtime    Last Run               Last # of DB Queries
-------------------------  -----  ---------  --------  ----------  --------------  -------------------  ----------------------
/opt/airflow/dags/task.py    219  0.00s             1           0  0.12s           2025-04-08T08:12:18                      12
================================================================================
[2025-04-08T08:13:19.000+0000] {manager.py:997} INFO - 
================================================================================
DAG File Processing Stats

File Path                    PID  Runtime      # DAGs    # Errors  Last Runtime    Last Run               Last # of DB Queries
-------------------------  -----  ---------  --------  ----------  --------------  -------------------  ----------------------
/opt/airflow/dags/task.py    226  0.00s             1           0  0.11s           2025-04-08T08:12:48                      12
================================================================================
[2025-04-08T08:13:49.256+0000] {manager.py:997} INFO - 
================================================================================
DAG File Processing Stats

File Path                    PID  Runtime      # DAGs    # Errors  Last Runtime    Last Run               Last # of DB Queries
-------------------------  -----  ---------  --------  ----------  --------------  -------------------  ----------------------
/opt/airflow/dags/task.py    233  0.00s             1           0  0.11s           2025-04-08T08:13:19                      12
================================================================================
[2025-04-08T08:14:19.486+0000] {manager.py:997} INFO - 
================================================================================
DAG File Processing Stats

File Path                    PID  Runtime      # DAGs    # Errors  Last Runtime    Last Run               Last # of DB Queries
-------------------------  -----  ---------  --------  ----------  --------------  -------------------  ----------------------
/opt/airflow/dags/task.py    240  0.00s             1           0  0.10s           2025-04-08T08:13:49                      12
================================================================================
[2025-04-08T08:14:49.732+0000] {manager.py:997} INFO - 
================================================================================
DAG File Processing Stats

File Path                    PID  Runtime      # DAGs    # Errors  Last Runtime    Last Run               Last # of DB Queries
-------------------------  -----  ---------  --------  ----------  --------------  -------------------  ----------------------
/opt/airflow/dags/task.py    247  0.00s             1           0  0.11s           2025-04-08T08:14:19                      12
================================================================================
[2025-04-08T08:15:19.964+0000] {manager.py:997} INFO - 
================================================================================
DAG File Processing Stats

File Path                    PID  Runtime      # DAGs    # Errors  Last Runtime    Last Run               Last # of DB Queries
-------------------------  -----  ---------  --------  ----------  --------------  -------------------  ----------------------
/opt/airflow/dags/task.py    254  0.00s             1           0  0.12s           2025-04-08T08:14:49                      12
================================================================================
[2025-04-08T08:15:50.216+0000] {manager.py:997} INFO - 
================================================================================
DAG File Processing Stats

File Path                    PID  Runtime      # DAGs    # Errors  Last Runtime    Last Run               Last # of DB Queries
-------------------------  -----  ---------  --------  ----------  --------------  -------------------  ----------------------
/opt/airflow/dags/task.py    261  0.00s             1           0  0.09s           2025-04-08T08:15:20                      12
================================================================================
[2025-04-08T08:16:20.417+0000] {manager.py:997} INFO - 
================================================================================
DAG File Processing Stats

File Path                    PID  Runtime      # DAGs    # Errors  Last Runtime    Last Run               Last # of DB Queries
-------------------------  -----  ---------  --------  ----------  --------------  -------------------  ----------------------
/opt/airflow/dags/task.py    268  0.00s             1           0  0.10s           2025-04-08T08:15:50                      12
================================================================================
[2025-04-08T08:16:50.670+0000] {manager.py:997} INFO - 
================================================================================
DAG File Processing Stats

File Path                    PID  Runtime      # DAGs    # Errors  Last Runtime    Last Run               Last # of DB Queries
-------------------------  -----  ---------  --------  ----------  --------------  -------------------  ----------------------
/opt/airflow/dags/task.py    275  0.01s             1           0  0.12s           2025-04-08T08:16:20                      12
================================================================================
[2025-04-08T08:17:13.838+0000] {manager.py:821} INFO - Searching for files in /opt/airflow/dags
[2025-04-08T08:17:13.857+0000] {manager.py:824} INFO - There are 1 files in /opt/airflow/dags
[2025-04-08T08:17:20.916+0000] {manager.py:997} INFO - 
================================================================================
DAG File Processing Stats

File Path                    PID  Runtime      # DAGs    # Errors  Last Runtime    Last Run               Last # of DB Queries
-------------------------  -----  ---------  --------  ----------  --------------  -------------------  ----------------------
/opt/airflow/dags/task.py    282  0.00s             1           0  0.12s           2025-04-08T08:16:50                      12
================================================================================
[2025-04-08T08:17:51.148+0000] {manager.py:997} INFO - 
================================================================================
DAG File Processing Stats

File Path                    PID  Runtime      # DAGs    # Errors  Last Runtime    Last Run               Last # of DB Queries
-------------------------  -----  ---------  --------  ----------  --------------  -------------------  ----------------------
/opt/airflow/dags/task.py    289  0.00s             1           0  0.14s           2025-04-08T08:17:21                      12
================================================================================
[2025-04-08T08:18:21.425+0000] {manager.py:997} INFO - 
================================================================================
DAG File Processing Stats

File Path                    PID  Runtime      # DAGs    # Errors  Last Runtime    Last Run               Last # of DB Queries
-------------------------  -----  ---------  --------  ----------  --------------  -------------------  ----------------------
/opt/airflow/dags/task.py    296  0.00s             1           0  0.09s           2025-04-08T08:17:51                      12
================================================================================
[2025-04-08T08:18:51.639+0000] {manager.py:997} INFO - 
================================================================================
DAG File Processing Stats

File Path                    PID  Runtime      # DAGs    # Errors  Last Runtime    Last Run               Last # of DB Queries
-------------------------  -----  ---------  --------  ----------  --------------  -------------------  ----------------------
/opt/airflow/dags/task.py    303  0.00s             1           0  0.12s           2025-04-08T08:18:21                      12
================================================================================
[2025-04-08T08:19:21.927+0000] {manager.py:997} INFO - 
================================================================================
DAG File Processing Stats

File Path                    PID  Runtime      # DAGs    # Errors  Last Runtime    Last Run               Last # of DB Queries
-------------------------  -----  ---------  --------  ----------  --------------  -------------------  ----------------------
/opt/airflow/dags/task.py    310  0.00s             1           0  0.12s           2025-04-08T08:18:51                      12
================================================================================
[2025-04-08T08:19:52.125+0000] {manager.py:997} INFO - 
================================================================================
DAG File Processing Stats

File Path                    PID  Runtime      # DAGs    # Errors  Last Runtime    Last Run               Last # of DB Queries
-------------------------  -----  ---------  --------  ----------  --------------  -------------------  ----------------------
/opt/airflow/dags/task.py    317  0.00s             1           0  0.11s           2025-04-08T08:19:22                      12
================================================================================
[2025-04-08T08:20:22.420+0000] {manager.py:997} INFO - 
================================================================================
DAG File Processing Stats

File Path                    PID  Runtime      # DAGs    # Errors  Last Runtime    Last Run               Last # of DB Queries
-------------------------  -----  ---------  --------  ----------  --------------  -------------------  ----------------------
/opt/airflow/dags/task.py    324  0.00s             1           0  0.10s           2025-04-08T08:19:52                      12
================================================================================
[2025-04-08T08:20:52.633+0000] {manager.py:997} INFO - 
================================================================================
DAG File Processing Stats

File Path                    PID  Runtime      # DAGs    # Errors  Last Runtime    Last Run               Last # of DB Queries
-------------------------  -----  ---------  --------  ----------  --------------  -------------------  ----------------------
/opt/airflow/dags/task.py    331  0.00s             1           0  0.10s           2025-04-08T08:20:22                      12
================================================================================
[2025-04-08T08:21:22.910+0000] {manager.py:997} INFO - 
================================================================================
DAG File Processing Stats

File Path                    PID  Runtime      # DAGs    # Errors  Last Runtime    Last Run               Last # of DB Queries
-------------------------  -----  ---------  --------  ----------  --------------  -------------------  ----------------------
/opt/airflow/dags/task.py    338  0.00s             1           0  0.11s           2025-04-08T08:20:52                      12
================================================================================
[2025-04-08T08:21:53.127+0000] {manager.py:997} INFO - 
================================================================================
DAG File Processing Stats

File Path                    PID  Runtime      # DAGs    # Errors  Last Runtime    Last Run               Last # of DB Queries
-------------------------  -----  ---------  --------  ----------  --------------  -------------------  ----------------------
/opt/airflow/dags/task.py    345  0.00s             1           0  0.11s           2025-04-08T08:21:23                      12
================================================================================
[2025-04-08T08:22:14.310+0000] {manager.py:821} INFO - Searching for files in /opt/airflow/dags
[2025-04-08T08:22:14.326+0000] {manager.py:824} INFO - There are 1 files in /opt/airflow/dags
[2025-04-08T08:22:23.397+0000] {manager.py:997} INFO - 
================================================================================
DAG File Processing Stats

File Path                    PID  Runtime      # DAGs    # Errors  Last Runtime    Last Run               Last # of DB Queries
-------------------------  -----  ---------  --------  ----------  --------------  -------------------  ----------------------
/opt/airflow/dags/task.py    353  0.00s             1           0  0.11s           2025-04-08T08:21:53                      12
================================================================================
[2025-04-08T08:22:53.595+0000] {manager.py:997} INFO - 
================================================================================
DAG File Processing Stats

File Path                    PID  Runtime      # DAGs    # Errors  Last Runtime    Last Run               Last # of DB Queries
-------------------------  -----  ---------  --------  ----------  --------------  -------------------  ----------------------
/opt/airflow/dags/task.py    360  0.00s             1           0  0.11s           2025-04-08T08:22:23                      12
================================================================================
[2025-04-08T08:23:23.848+0000] {manager.py:997} INFO - 
================================================================================
DAG File Processing Stats

File Path                    PID  Runtime      # DAGs    # Errors  Last Runtime    Last Run               Last # of DB Queries
-------------------------  -----  ---------  --------  ----------  --------------  -------------------  ----------------------
/opt/airflow/dags/task.py    367  0.00s             1           0  0.12s           2025-04-08T08:22:53                      12
================================================================================
[2025-04-08T08:23:54.058+0000] {manager.py:997} INFO - 
================================================================================
DAG File Processing Stats

File Path                    PID  Runtime      # DAGs    # Errors  Last Runtime    Last Run               Last # of DB Queries
-------------------------  -----  ---------  --------  ----------  --------------  -------------------  ----------------------
/opt/airflow/dags/task.py    374  0.00s             1           0  0.11s           2025-04-08T08:23:23                      12
================================================================================
[2025-04-08T08:24:24.308+0000] {manager.py:997} INFO - 
================================================================================
DAG File Processing Stats

File Path                    PID  Runtime      # DAGs    # Errors  Last Runtime    Last Run               Last # of DB Queries
-------------------------  -----  ---------  --------  ----------  --------------  -------------------  ----------------------
/opt/airflow/dags/task.py    381  0.00s             1           0  0.10s           2025-04-08T08:23:54                      12
================================================================================
[2025-04-08T08:24:54.511+0000] {manager.py:997} INFO - 
================================================================================
DAG File Processing Stats

File Path                    PID  Runtime      # DAGs    # Errors  Last Runtime    Last Run               Last # of DB Queries
-------------------------  -----  ---------  --------  ----------  --------------  -------------------  ----------------------
/opt/airflow/dags/task.py    388  0.00s             1           0  0.12s           2025-04-08T08:24:24                      12
================================================================================
[2025-04-08T08:25:24.778+0000] {manager.py:997} INFO - 
================================================================================
DAG File Processing Stats

File Path                    PID  Runtime      # DAGs    # Errors  Last Runtime    Last Run               Last # of DB Queries
-------------------------  -----  ---------  --------  ----------  --------------  -------------------  ----------------------
/opt/airflow/dags/task.py    395  0.00s             1           0  0.11s           2025-04-08T08:24:54                      12
================================================================================
[2025-04-08T08:25:54.977+0000] {manager.py:997} INFO - 
================================================================================
DAG File Processing Stats

File Path                    PID  Runtime      # DAGs    # Errors  Last Runtime    Last Run               Last # of DB Queries
-------------------------  -----  ---------  --------  ----------  --------------  -------------------  ----------------------
/opt/airflow/dags/task.py    402  0.00s             1           0  0.09s           2025-04-08T08:25:24                      12
================================================================================
[2025-04-08T08:26:25.236+0000] {manager.py:997} INFO - 
================================================================================
DAG File Processing Stats

File Path                    PID  Runtime      # DAGs    # Errors  Last Runtime    Last Run               Last # of DB Queries
-------------------------  -----  ---------  --------  ----------  --------------  -------------------  ----------------------
/opt/airflow/dags/task.py    410  0.00s             1           0  0.13s           2025-04-08T08:25:55                      12
================================================================================
[2025-04-08T08:26:55.456+0000] {manager.py:997} INFO - 
================================================================================
DAG File Processing Stats

File Path                    PID  Runtime      # DAGs    # Errors  Last Runtime    Last Run               Last # of DB Queries
-------------------------  -----  ---------  --------  ----------  --------------  -------------------  ----------------------
/opt/airflow/dags/task.py    417  0.00s             1           0  0.10s           2025-04-08T08:26:25                      12
================================================================================
[2025-04-08T08:27:14.591+0000] {manager.py:821} INFO - Searching for files in /opt/airflow/dags
[2025-04-08T08:27:14.604+0000] {manager.py:824} INFO - There are 1 files in /opt/airflow/dags
[2025-04-08T08:27:25.682+0000] {manager.py:997} INFO - 
================================================================================
DAG File Processing Stats

File Path                    PID  Runtime      # DAGs    # Errors  Last Runtime    Last Run               Last # of DB Queries
-------------------------  -----  ---------  --------  ----------  --------------  -------------------  ----------------------
/opt/airflow/dags/task.py    424  0.00s             1           0  0.11s           2025-04-08T08:26:55                      12
================================================================================
[2025-04-08T08:27:55.912+0000] {manager.py:997} INFO - 
================================================================================
DAG File Processing Stats

File Path                    PID  Runtime      # DAGs    # Errors  Last Runtime    Last Run               Last # of DB Queries
-------------------------  -----  ---------  --------  ----------  --------------  -------------------  ----------------------
/opt/airflow/dags/task.py    431  0.00s             1           0  0.12s           2025-04-08T08:27:25                      12
================================================================================
[2025-04-08T08:28:26.174+0000] {manager.py:997} INFO - 
================================================================================
DAG File Processing Stats

File Path                    PID  Runtime      # DAGs    # Errors  Last Runtime    Last Run               Last # of DB Queries
-------------------------  -----  ---------  --------  ----------  --------------  -------------------  ----------------------
/opt/airflow/dags/task.py    438  0.00s             1           0  0.12s           2025-04-08T08:27:56                      12
================================================================================
[2025-04-08T08:28:56.393+0000] {manager.py:997} INFO - 
================================================================================
DAG File Processing Stats

File Path                    PID  Runtime      # DAGs    # Errors  Last Runtime    Last Run               Last # of DB Queries
-------------------------  -----  ---------  --------  ----------  --------------  -------------------  ----------------------
/opt/airflow/dags/task.py    445  0.00s             1           0  0.11s           2025-04-08T08:28:26                      12
================================================================================
[2025-04-08T08:29:26.639+0000] {manager.py:997} INFO - 
================================================================================
DAG File Processing Stats

File Path                    PID  Runtime      # DAGs    # Errors  Last Runtime    Last Run               Last # of DB Queries
-------------------------  -----  ---------  --------  ----------  --------------  -------------------  ----------------------
/opt/airflow/dags/task.py    452  0.00s             1           0  0.10s           2025-04-08T08:28:56                      12
================================================================================
[2025-04-08T08:29:56.842+0000] {manager.py:997} INFO - 
================================================================================
DAG File Processing Stats

File Path                    PID  Runtime      # DAGs    # Errors  Last Runtime    Last Run               Last # of DB Queries
-------------------------  -----  ---------  --------  ----------  --------------  -------------------  ----------------------
/opt/airflow/dags/task.py    458  0.00s             1           0  0.11s           2025-04-08T08:29:26                      12
================================================================================
[2025-04-08T08:30:27.101+0000] {manager.py:997} INFO - 
================================================================================
DAG File Processing Stats

File Path                    PID  Runtime      # DAGs    # Errors  Last Runtime    Last Run               Last # of DB Queries
-------------------------  -----  ---------  --------  ----------  --------------  -------------------  ----------------------
/opt/airflow/dags/task.py    465  0.00s             1           0  0.12s           2025-04-08T08:29:56                      12
================================================================================
[2025-04-08T08:30:57.304+0000] {manager.py:997} INFO - 
================================================================================
DAG File Processing Stats

File Path                    PID  Runtime      # DAGs    # Errors  Last Runtime    Last Run               Last # of DB Queries
-------------------------  -----  ---------  --------  ----------  --------------  -------------------  ----------------------
/opt/airflow/dags/task.py    472  0.00s             1           0  0.10s           2025-04-08T08:30:27                      12
================================================================================
[2025-04-08T08:31:27.555+0000] {manager.py:997} INFO - 
================================================================================
DAG File Processing Stats

File Path                    PID  Runtime      # DAGs    # Errors  Last Runtime    Last Run               Last # of DB Queries
-------------------------  -----  ---------  --------  ----------  --------------  -------------------  ----------------------
/opt/airflow/dags/task.py    479  0.01s             1           0  0.11s           2025-04-08T08:30:57                      12
================================================================================
[2025-04-08T08:31:57.763+0000] {manager.py:997} INFO - 
================================================================================
DAG File Processing Stats

File Path                    PID  Runtime      # DAGs    # Errors  Last Runtime    Last Run               Last # of DB Queries
-------------------------  -----  ---------  --------  ----------  --------------  -------------------  ----------------------
/opt/airflow/dags/task.py    486  0.00s             1           0  0.11s           2025-04-08T08:31:27                      12
================================================================================
[2025-04-08T08:32:14.912+0000] {manager.py:821} INFO - Searching for files in /opt/airflow/dags
[2025-04-08T08:32:14.930+0000] {manager.py:824} INFO - There are 1 files in /opt/airflow/dags
[2025-04-08T08:32:28.030+0000] {manager.py:997} INFO - 
================================================================================
DAG File Processing Stats

File Path                    PID  Runtime      # DAGs    # Errors  Last Runtime    Last Run               Last # of DB Queries
-------------------------  -----  ---------  --------  ----------  --------------  -------------------  ----------------------
/opt/airflow/dags/task.py    493  0.00s             1           0  0.12s           2025-04-08T08:31:57                      12
================================================================================
